Sat Sep 21 09:04:49 CEST 2024
---> I find noofpair variable to be true. I will create 1 pairs
---> Generated pairs are: 
 [[0.06946 0.19768 0.35458 0.19969 0.37108 0.28228 0.04636]]
You are using Linux. - I created /bigdata/MD/vallin59/hemera_home/muthu/pypsc/7DPS/pypscresults/MCresult-2024-09-21-090451 folder to save pypsc results.
[0;34m===> Output files will be saved to [1;33m /bigdata/MD/vallin59/hemera_home/muthu/pypsc/7DPS/pypscresults/MCresult-2024-09-21-090451 [0;34m location


[1;31m=====> for h = [0m 2 [1;31m==============================
[0m
[1;34m===> Pair- 1: [0m [1;34mCurrent pair: [0m [0.06946 0.19768 0.35458 0.19969 0.37108 0.28228 0.04636] [1;34mSolving for: [0m [0.37108 0.35458 0.28228 0.19969 0.19768 0.06946 0.04636]
[1;32mstart:[0m 09:04:51 [1;32m--> Polytope contains complete isosurface. Successful Linearization for [1;31mRO = 1[0m
[1;32m--> Polytope contains complete isosurface. Successful Linearization for [1;31mRO = 2[0m

---> nar : [[1, array([0.377964, 0.377964, 0.377964, 0.377964, 0.377964, 0.377964,
       0.377964]), [0.50422, 0.654202], 1.0], [2, array([0.377964, 0.377964, 0.377964, 0.377964, 0.377964, 0.377964,
       0.377964]), [0.24092, 0.313408], -1.0]]
[1;32miso:[0m 09:05:15 [1;32mpoly:[0m 09:05:16 [1;32mintersection:[0m 09:05:16 [1;32msort sol:[0m 09:05:16
poly contains coordinates ?: [False False False  True False]
In try:  inx [3] len(inx) 1 best_inx 3
L(solution):5 solution is at:3
[1;32mwrt:[0m 09:05:18 [1;32m Total: [0m0:00:27.843503
---> predicted struc:[0.100672 0.173319 0.323007 0.218645 0.416711 0.277891 0.040583]. Given struc: [0.06946 0.19768 0.35458 0.19969 0.37108 0.28228 0.04636]

 intermediate total: [0m0:00:27.910150

[1;31m=====> for h = [0m 3 [1;31m==============================
[0m
[1;34m===> Pair- 1: [0m [1;34mCurrent pair: [0m [0.06946 0.19768 0.35458 0.19969 0.37108 0.28228 0.04636] [1;34mSolving for: [0m [0.37108 0.35458 0.28228 0.19969 0.19768 0.06946 0.04636]
[1;32mstart:[0m 09:05:18 [1;32m--> Polytope contains complete isosurface. Successful Linearization for [1;31mRO = 3[0m

---> nar : [[3, array([0.377964, 0.377964, 0.377964, 0.377964, 0.377964, 0.377964,
       0.377964]), [0.154762, 0.20477], 1.0]]
[1;32miso:[0m 09:05:29 
---> l 3 Normal [0.377964 0.377964 0.377964 0.377964 0.377964 0.377964 0.377964] dist [0.154762, 0.20477]
[1;32mpoly:[0m 09:06:32 [1;32mintersection:[0m 09:06:36 [1;32msort sol:[0m 09:06:36
poly contains coordinates ?: [False False False False False False False False False False False False
  True False False False False False False False False False False False
 False False False]
In try:  inx [12] len(inx) 1 best_inx 12
L(solution):27 solution is at:12
[1;32mwrt:[0m 09:07:06 [1;32m Total: [0m0:01:47.819348
---> predicted struc:[0.089399 0.202999 0.357456 0.249255 0.413536 0.291552 0.025799]. Given struc: [0.06946 0.19768 0.35458 0.19969 0.37108 0.28228 0.04636]

 intermediate total: [0m0:01:48.169223

[1;31m=====> for h = [0m 4 [1;31m==============================
[0m
[1;34m===> Pair- 1: [0m [1;34mCurrent pair: [0m [0.06946 0.19768 0.35458 0.19969 0.37108 0.28228 0.04636] [1;34mSolving for: [0m [0.37108 0.35458 0.28228 0.19969 0.19768 0.06946 0.04636]
[1;32mstart:[0m 09:07:07 [1;32m--> Polytope contains complete isosurface. Successful Linearization for [1;31mRO = 4[0m

---> nar : [[4, array([0.377964, 0.377964, 0.377964, 0.377964, 0.377964, 0.377964,
       0.377964]), [0.137649, 0.174879], -1.0]]
[1;32miso:[0m 09:07:20 
---> l 4 Normal [0.377964 0.377964 0.377964 0.377964 0.377964 0.377964 0.377964] dist [0.137649, 0.174879]
[1;32mpoly:[0m 09:09:12 [1;32mintersection:[0m 09:09:38 [1;32msort sol:[0m 09:09:38
poly contains coordinates ?: [False False False False False False False False False False False False
 False False False False False False False False False False False False
 False False False False False False False False False False False False
 False False False False False False False False False False False False
 False False False False False False False]
in except: std [0.105433 0.092193 0.091863 0.066532 0.068225 0.068225 0.095444 0.095444
 0.06616  0.06616  0.107644 0.153148 0.067344 0.067344 0.102621 0.126508
 0.099781 0.098983 0.098622 0.098622 0.10117  0.10844  0.094954 0.094954
 0.068885 0.05186  0.064319 0.064319 0.105632 0.158502 0.130153 0.113381
 0.111818 0.090344 0.084069 0.084069 0.084069 0.086135 0.086135 0.086135
 0.086135 0.133032 0.117965 0.133065 0.133377 0.130685 0.155706 0.101323
 0.146375 0.146375 0.098461 0.116692 0.11981  0.141215 0.141215] best_inx: 25  ms: [array([0.355454, 0.330308, 0.248737, 0.165403, 0.111375, 0.089827,
       0.035465]), array([0.382544, 0.377515, 0.247582, 0.237021, 0.205435, 0.127861,
       0.004245]), array([0.381791, 0.353155, 0.247268, 0.239494, 0.184654, 0.129918,
       0.005287]), array([0.383472, 0.377824, 0.233708, 0.218704, 0.194045, 0.06814 ,
       0.014784]), array([0.36955 , 0.353037, 0.229198, 0.203753, 0.175727, 0.055485,
       0.012617]), array([0.36955 , 0.353037, 0.229198, 0.203753, 0.175727, 0.055485,
       0.012617]), array([0.369337, 0.35239 , 0.247645, 0.242936, 0.176898, 0.131632,
       0.00471 ]), array([0.369337, 0.35239 , 0.247645, 0.242936, 0.176898, 0.131632,
       0.00471 ]), array([0.382955, 0.353867, 0.229715, 0.207395, 0.180861, 0.061094,
       0.013797]), array([0.382955, 0.353867, 0.229715, 0.207395, 0.180861, 0.061094,
       0.013797]), array([0.383037, 0.325825, 0.248414, 0.164334, 0.109606, 0.085022,
       0.031481]), array([0.335905, 0.327585, 0.304636, 0.235099, 0.210361, 0.183016,
       0.128086]), array([0.352849, 0.324245, 0.283022, 0.206309, 0.14648 , 0.084886,
       0.026898]), array([0.352849, 0.324245, 0.283022, 0.206309, 0.14648 , 0.084886,
       0.026898]), array([0.423799, 0.387604, 0.289074, 0.216707, 0.186694, 0.1472  ,
       0.033657]), array([0.388003, 0.379334, 0.32121 , 0.229402, 0.195055, 0.177459,
       0.01417 ]), array([0.400782, 0.325576, 0.277747, 0.216814, 0.111658, 0.090248,
       0.037024]), array([0.401329, 0.346112, 0.274513, 0.227393, 0.111684, 0.090309,
       0.033983]), array([0.390014, 0.345768, 0.320646, 0.237724, 0.208498, 0.145075,
       0.023188]), array([0.390014, 0.345768, 0.320646, 0.237724, 0.208498, 0.145075,
       0.023188]), array([0.352407, 0.312215, 0.272842, 0.209992, 0.110944, 0.088186,
       0.041566]), array([0.324923, 0.311488, 0.282717, 0.203726, 0.113513, 0.09537 ,
       0.046357]), array([0.350528, 0.336099, 0.313659, 0.22938 , 0.200828, 0.14931 ,
       0.046887]), array([0.350528, 0.336099, 0.313659, 0.22938 , 0.200828, 0.14931 ,
       0.046887]), array([0.422601, 0.352328, 0.289087, 0.22424 , 0.174087, 0.099077,
       0.048057]), array([0.398633, 0.353718, 0.300475, 0.228255, 0.198483, 0.094041,
       0.03303 ]), array([0.397639, 0.382546, 0.300819, 0.23573 , 0.206468, 0.095465,
       0.030444]), array([0.397639, 0.382546, 0.300819, 0.23573 , 0.206468, 0.095465,
       0.030444]), array([0.394229, 0.38141 , 0.261174, 0.238284, 0.113452, 0.095136,
       0.031737]), array([0.335905, 0.323578, 0.29298 , 0.265662, 0.200523, 0.177952,
       0.128086]), array([0.358907, 0.346855, 0.304523, 0.270053, 0.19351 , 0.175614,
       0.046639]), array([0.399512, 0.383171, 0.266343, 0.255448, 0.113926, 0.096459,
       0.035275]), array([0.408602, 0.349565, 0.281392, 0.256281, 0.112394, 0.092265,
       0.037806]), array([0.361447, 0.344031, 0.311429, 0.279611, 0.209098, 0.091231,
       0.035563]), array([0.411044, 0.352924, 0.298885, 0.263563, 0.193415, 0.102496,
       0.044716]), array([0.411044, 0.352924, 0.298885, 0.263563, 0.193415, 0.102496,
       0.044716]), array([0.411044, 0.352924, 0.298885, 0.263563, 0.193415, 0.102496,
       0.044716]), array([0.404697, 0.384899, 0.300304, 0.262779, 0.194747, 0.100732,
       0.037506]), array([0.404697, 0.384899, 0.300304, 0.262779, 0.194747, 0.100732,
       0.037506]), array([0.404697, 0.384899, 0.300304, 0.262779, 0.194747, 0.100732,
       0.037506]), array([0.404697, 0.384899, 0.300304, 0.262779, 0.194747, 0.100732,
       0.037506]), array([0.388993, 0.379664, 0.309756, 0.263945, 0.185039, 0.172791,
       0.014319]), array([0.383625, 0.37892 , 0.376568, 0.255105, 0.224512, 0.075988,
       0.025329]), array([0.390501, 0.349833, 0.318388, 0.267519, 0.185978, 0.173104,
       0.023492]), array([0.388234, 0.351554, 0.311807, 0.271211, 0.187279, 0.173537,
       0.022727]), array([0.320978, 0.302916, 0.276878, 0.260994, 0.118291, 0.108127,
       0.064081]), array([0.32317 , 0.309654, 0.285108, 0.268986, 0.258207, 0.137348,
       0.129116]), array([0.387806, 0.379269, 0.283582, 0.266259, 0.257598, 0.104198,
       0.034232]), array([0.32452 , 0.312892, 0.292804, 0.272895, 0.259852, 0.136094,
       0.107555]), array([0.32452 , 0.312892, 0.292804, 0.272895, 0.259852, 0.136094,
       0.107555]), array([0.389763, 0.36341 , 0.286981, 0.266488, 0.256242, 0.105418,
       0.038555]), array([0.386043, 0.365349, 0.288622, 0.267534, 0.256991, 0.133344,
       0.014187]), array([0.384163, 0.378054, 0.284369, 0.267391, 0.258902, 0.132943,
       0.010776]), array([0.324704, 0.313331, 0.293674, 0.273334, 0.260036, 0.12009 ,
       0.11027 ]), array([0.324704, 0.313331, 0.293674, 0.273334, 0.260036, 0.12009 ,
       0.11027 ])]
L(solution):55 solution is at:25
[1;32mwrt:[0m 09:11:41 [1;32m Total: [0m0:04:34.407585
---> predicted struc:[0.094041 0.198483 0.353718 0.228255 0.398633 0.300475 0.03303 ]. Given struc: [0.06946 0.19768 0.35458 0.19969 0.37108 0.28228 0.04636]

 intermediate total: [0m0:04:34.427174

[1;31m=====> for h = [0m 5 [1;31m==============================
[0m
[1;34m===> Pair- 1: [0m [1;34mCurrent pair: [0m [0.06946 0.19768 0.35458 0.19969 0.37108 0.28228 0.04636] [1;34mSolving for: [0m [0.37108 0.35458 0.28228 0.19969 0.19768 0.06946 0.04636]
[1;32mstart:[0m 09:11:41 [1;32m--> Polytope contains complete isosurface. Successful Linearization for [1;31mRO = 5[0m

---> nar : [[5, array([0.377964, 0.377964, 0.377964, 0.377964, 0.377964, 0.377964,
       0.377964]), [0.094059, 0.123798], 1.0]]
[1;32miso:[0m 09:11:52 
---> l 5 Normal [0.377964 0.377964 0.377964 0.377964 0.377964 0.377964 0.377964] dist [0.094059, 0.123798]
[1;32mpoly:[0m 09:33:51 [1;32mintersection:[0m 09:37:01 [1;32msort sol:[0m 09:37:01
poly contains coordinates ?: [False False False False False False False False False False False False
 False False False False False False False False False False False False
 False False False False False False False False False False False False
 False False False False False False False False False False False False
 False False False False False False False False False False False False
 False False False False False False False False False False False False
 False False False False False False False False False False False False
 False False False False False False False False False False False False
 False False False False False False False False False False False False
 False False]
in except: std [0.109404 0.109404 0.108529 0.109302 0.108764 0.108764 0.131681 0.135691
 0.122708 0.132554 0.132833 0.122935 0.113249 0.113249 0.116688 0.12874
 0.121594 0.122677 0.132763 0.040917 0.044994 0.077001 0.093259 0.084855
 0.084684 0.076539 0.096061 0.119428 0.106377 0.129077 0.149739 0.149739
 0.149739 0.108629 0.118102 0.155976 0.155976 0.163232 0.061414 0.05642
 0.05642  0.05642  0.05642  0.103695 0.108878 0.116933 0.121402 0.087626
 0.122116 0.08079  0.109471 0.108421 0.103655 0.085952 0.112318 0.13338
 0.127154 0.123366 0.123679 0.13509  0.101771 0.159719 0.080681 0.102941
 0.102941 0.108775 0.135268 0.159599 0.161432 0.160815 0.098472 0.098472
 0.120884 0.099451 0.099451 0.092241 0.091004 0.087446 0.094835 0.093234
 0.092826 0.081784 0.050602 0.050602 0.050602 0.037471 0.037471 0.037471
 0.116472 0.160159 0.154591 0.154591 0.139063 0.106667 0.117586 0.061105
 0.136061 0.059527 0.115945 0.159858 0.161043 0.164609 0.166659 0.137033
 0.136371 0.155818 0.153936 0.161586 0.15779  0.129221] best_inx: 87  ms: [array([0.394405, 0.28827 , 0.262006, 0.195366, 0.122476, 0.070001,
       0.01566 ]), array([0.394405, 0.28827 , 0.262006, 0.195366, 0.122476, 0.070001,
       0.01566 ]), array([0.401341, 0.291353, 0.262917, 0.201526, 0.123474, 0.075921,
       0.015725]), array([0.401889, 0.290746, 0.262041, 0.191882, 0.123076, 0.06824 ,
       0.016608]), array([0.391685, 0.287175, 0.263245, 0.201867, 0.123133, 0.071257,
       0.015798]), array([0.391685, 0.287175, 0.263245, 0.201867, 0.123133, 0.071257,
       0.015798]), array([0.385894, 0.267214, 0.254194, 0.205288, 0.122514, 0.113188,
       0.013113]), array([0.370522, 0.264096, 0.252686, 0.205658, 0.123396, 0.120189,
       0.011412]), array([0.400247, 0.290379, 0.262528, 0.199753, 0.119389, 0.107391,
       0.000247]), array([0.392594, 0.267388, 0.254173, 0.192594, 0.121824, 0.112064,
       0.013259]), array([0.371497, 0.267154, 0.253034, 0.196497, 0.123661, 0.120982,
       0.014699]), array([0.400322, 0.289653, 0.260891, 0.20638 , 0.121351, 0.109392,
       0.000322]), array([0.367907, 0.35372 , 0.250842, 0.199158, 0.090184, 0.074807,
       0.030806]), array([0.367907, 0.35372 , 0.250842, 0.199158, 0.090184, 0.074807,
       0.030806]), array([0.400674, 0.33452 , 0.250674, 0.199326, 0.092287, 0.080496,
       0.035906]), array([0.400674, 0.381346, 0.251011, 0.250337, 0.091935, 0.079615,
       0.033966]), array([0.385434, 0.375752, 0.251179, 0.237253, 0.090223, 0.074706,
       0.033017]), array([0.385257, 0.374603, 0.251213, 0.239476, 0.08967 , 0.073231,
       0.031554]), array([0.401083, 0.400361, 0.250602, 0.247098, 0.091883, 0.079709,
       0.055359]), array([0.385035, 0.377365, 0.291385, 0.196302, 0.184081, 0.082302,
       0.023644]), array([0.404106, 0.376198, 0.298802, 0.197947, 0.193841, 0.079082,
       0.037247]), array([0.396833, 0.38886 , 0.286766, 0.259237, 0.180488, 0.082808,
       0.039214]), array([0.408132, 0.402711, 0.288317, 0.266918, 0.183803, 0.08209 ,
       0.036372]), array([0.411569, 0.389388, 0.285921, 0.262772, 0.205842, 0.084675,
       0.054026]), array([0.41155 , 0.387894, 0.287305, 0.261574, 0.181391, 0.081902,
       0.034167]), array([0.397344, 0.388887, 0.284188, 0.2574  , 0.207688, 0.08728 ,
       0.061839]), array([0.41048 , 0.403493, 0.289197, 0.269941, 0.206037, 0.083781,
       0.051342]), array([0.384975, 0.375063, 0.285852, 0.265538, 0.256825, 0.135317,
       0.008067]), array([0.438382, 0.315145, 0.247769, 0.23958 , 0.211779, 0.109715,
       0.021261]), array([0.447851, 0.412063, 0.266379, 0.188061, 0.175812, 0.146663,
       0.071581]), array([0.405589, 0.386092, 0.296089, 0.288266, 0.174817, 0.169383,
       0.005201]), array([0.405589, 0.386092, 0.296089, 0.288266, 0.174817, 0.169383,
       0.005201]), array([0.405589, 0.386092, 0.296089, 0.288266, 0.174817, 0.169383,
       0.005201]), array([0.410913, 0.403638, 0.289529, 0.271467, 0.20612 , 0.113145,
       0.021403]), array([0.402133, 0.374032, 0.285323, 0.267526, 0.256936, 0.12738 ,
       0.012768]), array([0.400894, 0.400298, 0.297457, 0.292372, 0.170202, 0.167845,
       0.000596]), array([0.400894, 0.400298, 0.297457, 0.292372, 0.170202, 0.167845,
       0.000596]), array([0.378038, 0.351699, 0.296095, 0.288284, 0.2023  , 0.200767,
       0.010507]), array([0.404226, 0.375958, 0.299042, 0.197887, 0.193661, 0.100958,
       0.01597 ]), array([0.389657, 0.359229, 0.283552, 0.197089, 0.186966, 0.101545,
       0.005569]), array([0.389657, 0.359229, 0.283552, 0.197089, 0.186966, 0.101545,
       0.005569]), array([0.389657, 0.359229, 0.283552, 0.197089, 0.186966, 0.101545,
       0.005569]), array([0.389657, 0.359229, 0.283552, 0.197089, 0.186966, 0.101545,
       0.005569]), array([0.434196, 0.362521, 0.260592, 0.161509, 0.146984, 0.114906,
       0.058289]), array([0.442422, 0.362057, 0.25644 , 0.151093, 0.161475, 0.112663,
       0.06877 ]), array([0.43503 , 0.364226, 0.25904 , 0.188464, 0.12127 , 0.116223,
       0.074633]), array([0.441565, 0.335215, 0.261893, 0.187066, 0.126193, 0.129389,
       0.035471]), array([0.424847, 0.335322, 0.269555, 0.188155, 0.14332 , 0.102178,
       0.056162]), array([0.44937 , 0.337155, 0.255881, 0.161529, 0.149622, 0.132346,
       0.03849 ]), array([0.421273, 0.343962, 0.268635, 0.186582, 0.157607, 0.112251,
       0.036362]), array([0.448379, 0.367377, 0.285454, 0.178938, 0.14239 , 0.117139,
       0.054959]), array([0.432513, 0.317227, 0.275043, 0.184428, 0.156345, 0.137021,
       0.041119]), array([0.421488, 0.373669, 0.275604, 0.184011, 0.146586, 0.135317,
       0.070871]), array([0.415268, 0.372727, 0.281496, 0.187105, 0.175605, 0.128804,
       0.076985]), array([0.435861, 0.357753, 0.235149, 0.181441, 0.143501, 0.111788,
       0.079933]), array([0.463502, 0.368564, 0.279706, 0.187605, 0.119252, 0.112418,
       0.076424]), array([0.438982, 0.361198, 0.237817, 0.188158, 0.119081, 0.112137,
       0.083839]), array([0.457143, 0.368433, 0.264377, 0.177233, 0.125377, 0.108412,
       0.053475]), array([0.428333, 0.358333, 0.250304, 0.183333, 0.144817, 0.124696,
       0.116139]), array([0.386189, 0.356968, 0.293249, 0.275719, 0.186714, 0.175794,
       0.020141]), array([0.381787, 0.353218, 0.273358, 0.158514, 0.170986, 0.13702 ,
       0.102829]), array([0.347221, 0.337963, 0.267926, 0.255975, 0.199835, 0.199504,
       0.1125  ]), array([0.397274, 0.335763, 0.252726, 0.198637, 0.195911, 0.109176,
       0.101263]), array([0.432801, 0.351858, 0.253663, 0.198169, 0.194506, 0.116009,
       0.107856]), array([0.432801, 0.351858, 0.253663, 0.198169, 0.194506, 0.116009,
       0.107856]), array([0.410791, 0.403597, 0.255559, 0.2183  , 0.203674, 0.128523,
       0.103523]), array([0.436662, 0.412221, 0.255436, 0.189134, 0.175967, 0.146491,
       0.104982]), array([0.348436, 0.338367, 0.266712, 0.255571, 0.203238, 0.199559,
       0.1125  ]), array([0.348421, 0.337922, 0.266187, 0.255396, 0.203477, 0.201159,
       0.113659]), array([0.34896 , 0.338542, 0.266187, 0.255396, 0.203477, 0.201159,
       0.1125  ]), array([0.412101, 0.358964, 0.256262, 0.227838, 0.206998, 0.118384,
       0.109962]), array([0.412101, 0.358964, 0.256262, 0.227838, 0.206998, 0.118384,
       0.109962]), array([0.419777, 0.406592, 0.255906, 0.219891, 0.178071, 0.137962,
       0.104289]), array([0.418147, 0.35695 , 0.254586, 0.224543, 0.195414, 0.117667,
       0.109256]), array([0.418147, 0.35695 , 0.254586, 0.224543, 0.195414, 0.117667,
       0.109256]), array([0.396596, 0.38256 , 0.319818, 0.251823, 0.250608, 0.080413,
       0.041239]), array([0.399882, 0.374882, 0.322317, 0.250176, 0.250059, 0.081038,
       0.043113]), array([0.409895, 0.387652, 0.315623, 0.259473, 0.187837, 0.083389,
       0.038005]), array([0.408466, 0.402822, 0.31436 , 0.261698, 0.208859, 0.083129,
       0.037263]), array([0.403091, 0.377332, 0.321996, 0.251139, 0.25038 , 0.080185,
       0.040555]), array([0.408376, 0.402792, 0.31357 , 0.259751, 0.188045, 0.084168,
       0.043941]), array([0.392687, 0.385343, 0.315493, 0.260737, 0.186759, 0.08133 ,
       0.032747]), array([0.41221 , 0.353059, 0.303509, 0.197835, 0.193506, 0.078325,
       0.028571]), array([0.41221 , 0.353059, 0.303509, 0.197835, 0.193506, 0.078325,
       0.028571]), array([0.41221 , 0.353059, 0.303509, 0.197835, 0.193506, 0.078325,
       0.028571]), array([0.389352, 0.36013 , 0.301751, 0.197318, 0.191953, 0.072727,
       0.021637]), array([0.389352, 0.36013 , 0.301751, 0.197318, 0.191953, 0.072727,
       0.021637]), array([0.389352, 0.36013 , 0.301751, 0.197318, 0.191953, 0.072727,
       0.021637]), array([0.402745, 0.371928, 0.305309, 0.260145, 0.253382, 0.127176,
       0.005823]), array([0.378334, 0.349051, 0.30605 , 0.28037 , 0.20218 , 0.200727,
       0.011115]), array([0.400894, 0.400298, 0.301768, 0.28924 , 0.169318, 0.167551,
       0.000596]), array([0.400894, 0.400298, 0.301768, 0.28924 , 0.169318, 0.167551,
       0.000596]), array([0.407676, 0.349193, 0.314227, 0.274067, 0.183101, 0.171741,
       0.019089]), array([0.40985 , 0.403283, 0.311213, 0.263338, 0.208007, 0.109164,
       0.01584 ]), array([0.384689, 0.373333, 0.305599, 0.257659, 0.253105, 0.138796,
       0.007554]), array([0.404106, 0.376198, 0.303845, 0.197947, 0.193841, 0.101198,
       0.020174]), array([0.386434, 0.350809, 0.314035, 0.2729  , 0.186419, 0.17534 ,
       0.022753]), array([0.389605, 0.378317, 0.301444, 0.197249, 0.191748, 0.101495,
       0.011688]), array([0.427769, 0.409256, 0.304162, 0.193443, 0.180292, 0.149323,
       0.052832]), array([0.335761, 0.331551, 0.314968, 0.213847, 0.204616, 0.194866,
       0.128416]), array([0.335356, 0.331823, 0.317218, 0.216225, 0.198449, 0.195347,
       0.128814]), array([0.336079, 0.330738, 0.312221, 0.210806, 0.204912, 0.201965,
       0.128046]), array([0.333523, 0.3316  , 0.325017, 0.199924, 0.19981 , 0.199582,
       0.130467]), array([0.368771, 0.355049, 0.328161, 0.318168, 0.219569, 0.037692,
       0.012564]), array([0.36538 , 0.349239, 0.325849, 0.314547, 0.184641, 0.026303,
       0.008768]), array([0.403257, 0.335264, 0.306278, 0.302093, 0.204671, 0.170095,
       0.005956]), array([0.387494, 0.340347, 0.304836, 0.301612, 0.205066, 0.17448 ,
       0.011093]), array([0.404996, 0.338913, 0.316463, 0.306169, 0.181155, 0.17135 ,
       0.006947]), array([0.386623, 0.343637, 0.313804, 0.304339, 0.185228, 0.17498 ,
       0.010281]), array([0.401257, 0.400419, 0.301257, 0.300419, 0.18764 , 0.118252,
       0.019936])]
L(solution):110 solution is at:87
[1;32mwrt:[0m 09:39:42 [1;32m Total: [0m0:28:01.308584
---> predicted struc:[0.072727 0.191953 0.36013  0.197318 0.389352 0.301751 0.021637]. Given struc: [0.06946 0.19768 0.35458 0.19969 0.37108 0.28228 0.04636]

 intermediate total: [0m0:28:01.321170

[1;31m=====> for h = [0m 6 [1;31m==============================
[0m
[1;34m===> Pair- 1: [0m [1;34mCurrent pair: [0m [0.06946 0.19768 0.35458 0.19969 0.37108 0.28228 0.04636] [1;34mSolving for: [0m [0.37108 0.35458 0.28228 0.19969 0.19768 0.06946 0.04636]
[1;32mstart:[0m 09:39:42 [1;32m--> Polytope contains complete isosurface. Successful Linearization for [1;31mRO = 6[0m

---> nar : [[6, array([0.377964, 0.377964, 0.377964, 0.377964, 0.377964, 0.377964,
       0.377964]), [0.094918, 0.120715], 1.0]]
[1;32miso:[0m 09:39:56 
---> l 6 Normal [0.377964 0.377964 0.377964 0.377964 0.377964 0.377964 0.377964] dist [0.094918, 0.120715]
[1;32mpoly:[0m 12:02:41 [1;32mintersection:[0m 12:04:42 [1;32msort sol:[0m 12:04:42
poly contains coordinates ?: [False False False False False False False False False False False False
 False False False False False False False False False False False False
 False False False False False False False False False False False False
 False False False False False False False False False False False False
 False False False False False False False False False False False False
 False False False False False False False False False False False False
 False False False False False False False False False False False False
 False False False False False False False False False False False False
 False False False False False False False False False False False False
 False False False False False False False False False False False False
 False False False False False False False False False False False False
 False False False False False False False False False False False False
 False False False False False]
in except: std [0.194059 0.093502 0.093502 0.117489 0.117489 0.08001  0.08728  0.106351
 0.106351 0.107526 0.098835 0.116175 0.116175 0.110077 0.095566 0.112405
 0.033675 0.110231 0.082347 0.097368 0.097368 0.097368 0.097368 0.097368
 0.097368 0.22396  0.144499 0.199971 0.192701 0.130581 0.097368 0.121578
 0.219742 0.217536 0.230146 0.212017 0.287074 0.120172 0.19663  0.104788
 0.17164  0.09189  0.094425 0.11289  0.129121 0.090827 0.20638  0.345802
 0.366246 0.113413 0.106459 0.09544  0.09544  0.09544  0.09544  0.095318
 0.095318 0.095318 0.095318 0.095318 0.095318 0.100077 0.122908 0.097583
 0.097583 0.103193 0.094342 0.094342 0.094342 0.086375 0.086375 0.086375
 0.086375 0.086375 0.086375 0.117404 0.117404 0.117404 0.117404 0.117404
 0.117404 0.117404 0.122492 0.111906 0.2844   0.424492 0.368484 0.219071
 0.212532 0.163329 0.234026 0.239309 0.126044 0.112945 0.126271 0.121824
 0.160411 0.160411 0.161218 0.119362 0.121769 0.121769 0.111805 0.128027
 0.133772 0.133772 0.142806 0.146478 0.151796 0.146566 0.059646 0.104253
 0.115416 0.110802 0.113665 0.138417 0.101509 0.106029 0.120977 0.115387
 0.12773  0.146242 0.138048 0.122673 0.119721 0.123274 0.137568 0.120697
 0.151975 0.139587 0.141086 0.136958 0.152222 0.133044 0.133044 0.117993
 0.175862 0.172023 0.142588 0.121354 0.121354 0.128435 0.14759  0.14759
 0.176602 0.174765 0.152057 0.152057 0.166937] best_inx: 16  ms: [array([0.498378, 0.231685, 0.246703, 0.240108, 0.201622, 0.114764,
       0.009162]), array([0.401872, 0.361791, 0.234351, 0.152906, 0.16208 , 0.113528,
       0.053234]), array([0.401872, 0.361791, 0.234351, 0.152906, 0.16208 , 0.113528,
       0.053234]), array([0.404575, 0.317974, 0.235807, 0.187778, 0.120312, 0.111622,
       0.01063 ]), array([0.404575, 0.317974, 0.235807, 0.187778, 0.120312, 0.111622,
       0.01063 ]), array([0.381641, 0.349436, 0.246685, 0.240055, 0.202028, 0.114289,
       0.00977 ]), array([0.398352, 0.331711, 0.246703, 0.240108, 0.201622, 0.114764,
       0.009162]), array([0.39917 , 0.34817 , 0.23539 , 0.185643, 0.122116, 0.114443,
       0.027622]), array([0.39917 , 0.34817 , 0.23539 , 0.185643, 0.122116, 0.114443,
       0.027622]), array([0.41034 , 0.317652, 0.241348, 0.155819, 0.148978, 0.114147,
       0.020134]), array([0.416529, 0.333196, 0.241671, 0.166529, 0.166529, 0.115819,
       0.083471]), array([0.409981, 0.385054, 0.229013, 0.162829, 0.165387, 0.113964,
       0.108288]), array([0.409981, 0.385054, 0.229013, 0.162829, 0.165387, 0.113964,
       0.108288]), array([0.405734, 0.375475, 0.226094, 0.184424, 0.162837, 0.11166 ,
       0.11035 ]), array([0.410066, 0.329795, 0.233744, 0.189987, 0.164492, 0.111725,
       0.087115]), array([0.373899, 0.332232, 0.250829, 0.199171, 0.096412, 0.06725 ,
       0.01673 ]), array([0.391588, 0.364441, 0.301399, 0.197504, 0.192512, 0.069595,
       0.031555]), array([0.366368, 0.341724, 0.250852, 0.199148, 0.097014, 0.067844,
       0.017394]), array([0.401074, 0.316654, 0.267731, 0.193522, 0.181947, 0.132127,
       0.050674]), array([0.40769 , 0.340098, 0.250304, 0.173431, 0.145918, 0.124696,
       0.068459]), array([0.40769 , 0.340098, 0.250304, 0.173431, 0.145918, 0.124696,
       0.068459]), array([0.40769 , 0.340098, 0.250304, 0.173431, 0.145918, 0.124696,
       0.068459]), array([0.40769 , 0.340098, 0.250304, 0.173431, 0.145918, 0.124696,
       0.068459]), array([0.40769 , 0.340098, 0.250304, 0.173431, 0.145918, 0.124696,
       0.068459]), array([0.40769 , 0.340098, 0.250304, 0.173431, 0.145918, 0.124696,
       0.068459]), array([0.407508, 0.347082, 0.280371, 0.180564, 0.309282, 0.117596,
       0.229754]), array([0.38555 , 0.34669 , 0.279025, 0.186809, 0.248097, 0.110756,
       0.173579]), array([0.388398, 0.359485, 0.275612, 0.180053, 0.29489 , 0.119483,
       0.211533]), array([0.398397, 0.368777, 0.27227 , 0.184673, 0.302639, 0.124672,
       0.193993]), array([0.399822, 0.356274, 0.263489, 0.18922 , 0.279237, 0.104971,
       0.134943]), array([0.40769 , 0.340098, 0.250304, 0.173431, 0.145918, 0.124696,
       0.068459]), array([0.407774, 0.317282, 0.25848 , 0.183981, 0.24682 , 0.118761,
       0.126267]), array([0.2074  , 0.325586, 0.287335, 0.283066, 0.094753, 0.088727,
       0.09844 ]), array([0.205307, 0.29372 , 0.276844, 0.284773, 0.114912, 0.099441,
       0.079822]), array([0.186525, 0.317856, 0.285116, 0.274546, 0.113682, 0.100204,
       0.109175]), array([0.23814 , 0.31918 , 0.286567, 0.329815, 0.111864, 0.096857,
       0.015388]), array([0.399639, 0.314827, 0.377532, 0.18582 , 0.296193, 0.106408,
       0.290656]), array([0.40194 , 0.316342, 0.27851 , 0.18079 , 0.232944, 0.10893 ,
       0.140456]), array([0.415855, 0.300812, 0.301624, 0.199188, 0.334094, 0.091667,
       0.165906]), array([0.408988, 0.315945, 0.264341, 0.187281, 0.255208, 0.091667,
       0.10778 ]), array([0.302039, 0.331635, 0.274988, 0.309766, 0.099993, 0.090907,
       0.0017  ]), array([0.402729, 0.31823 , 0.25778 , 0.187992, 0.144514, 0.114006,
       0.022428]), array([0.395936, 0.318541, 0.250308, 0.183971, 0.145928, 0.1247  ,
       0.04569 ]), array([0.397951, 0.367586, 0.282935, 0.218206, 0.187537, 0.176258,
       0.045407]), array([0.415489, 0.413134, 0.303096, 0.183241, 0.171919, 0.168729,
       0.05341 ]), array([0.403422, 0.389575, 0.31807 , 0.190451, 0.180584, 0.1325  ,
       0.064969]), array([0.381473, 0.395708, 0.283975, 0.186989, 0.176532, 0.234838,
       0.159638]), array([0.396072, 0.367932, 0.271528, 0.186413, 0.179228, 0.338786,
       0.259919]), array([0.391691, 0.357038, 0.281543, 0.189511, 0.179368, 0.340732,
       0.29065 ]), array([0.415093, 0.411946, 0.30271 , 0.19066 , 0.177311, 0.151387,
       0.049305]), array([0.410434, 0.31988 , 0.253464, 0.153966, 0.148191, 0.118438,
       0.017872]), array([0.397257, 0.335845, 0.252941, 0.161929, 0.138036, 0.102275,
       0.012424]), array([0.397257, 0.335845, 0.252941, 0.161929, 0.138036, 0.102275,
       0.012424]), array([0.397257, 0.335845, 0.252941, 0.161929, 0.138036, 0.102275,
       0.012424]), array([0.397257, 0.335845, 0.252941, 0.161929, 0.138036, 0.102275,
       0.012424]), array([0.399767, 0.3993  , 0.294319, 0.165797, 0.166264, 0.120258,
       0.0838  ]), array([0.399767, 0.3993  , 0.294319, 0.165797, 0.166264, 0.120258,
       0.0838  ]), array([0.399767, 0.3993  , 0.294319, 0.165797, 0.166264, 0.120258,
       0.0838  ]), array([0.399767, 0.3993  , 0.294319, 0.165797, 0.166264, 0.120258,
       0.0838  ]), array([0.399767, 0.3993  , 0.294319, 0.165797, 0.166264, 0.120258,
       0.0838  ]), array([0.399767, 0.3993  , 0.294319, 0.165797, 0.166264, 0.120258,
       0.0838  ]), array([0.416514, 0.333181, 0.250479, 0.166514, 0.166514, 0.124521,
       0.083486]), array([0.383692, 0.355166, 0.273825, 0.223495, 0.187231, 0.176765,
       0.098178]), array([0.410313, 0.329594, 0.250304, 0.185533, 0.162927, 0.124696,
       0.089687]), array([0.410313, 0.329594, 0.250304, 0.185533, 0.162927, 0.124696,
       0.089687]), array([0.405849, 0.321627, 0.273269, 0.195293, 0.184844, 0.148554,
       0.08917 ]), array([0.38872 , 0.366583, 0.272381, 0.19148 , 0.180346, 0.143653,
       0.096107]), array([0.38872 , 0.366583, 0.272381, 0.19148 , 0.180346, 0.143653,
       0.096107]), array([0.38872 , 0.366583, 0.272381, 0.19148 , 0.180346, 0.143653,
       0.096107]), array([0.397545, 0.392636, 0.295611, 0.185921, 0.170859, 0.119171,
       0.088243]), array([0.397545, 0.392636, 0.295611, 0.185921, 0.170859, 0.119171,
       0.088243]), array([0.397545, 0.392636, 0.295611, 0.185921, 0.170859, 0.119171,
       0.088243]), array([0.397545, 0.392636, 0.295611, 0.185921, 0.170859, 0.119171,
       0.088243]), array([0.397545, 0.392636, 0.295611, 0.185921, 0.170859, 0.119171,
       0.088243]), array([0.397545, 0.392636, 0.295611, 0.185921, 0.170859, 0.119171,
       0.088243]), array([0.408813, 0.372478, 0.250304, 0.18285 , 0.160067, 0.124696,
       0.12553 ]), array([0.408813, 0.372478, 0.250304, 0.18285 , 0.160067, 0.124696,
       0.12553 ]), array([0.408813, 0.372478, 0.250304, 0.18285 , 0.160067, 0.124696,
       0.12553 ]), array([0.408813, 0.372478, 0.250304, 0.18285 , 0.160067, 0.124696,
       0.12553 ]), array([0.408813, 0.372478, 0.250304, 0.18285 , 0.160067, 0.124696,
       0.12553 ]), array([0.408813, 0.372478, 0.250304, 0.18285 , 0.160067, 0.124696,
       0.12553 ]), array([0.408813, 0.372478, 0.250304, 0.18285 , 0.160067, 0.124696,
       0.12553 ]), array([0.370094, 0.360281, 0.319244, 0.307624, 0.239159, 0.069197,
       0.031058]), array([0.406342, 0.385694, 0.313783, 0.282407, 0.196725, 0.110481,
       0.018194]), array([0.395833, 0.160896, 0.313281, 0.293234, 0.212979, 0.102591,
       0.224444]), array([0.316434, 0.156587, 0.313281, 0.293234, 0.125505, 0.102591,
       0.395627]), array([0.254461, 0.13799 , 0.3144  , 0.293598, 0.366051, 0.101388,
       0.236229]), array([0.339814, 0.269443, 0.328343, 0.296023, 0.363121, 0.092113,
       0.024441]), array([0.343218, 0.279654, 0.316226, 0.305259, 0.354831, 0.095488,
       0.01306 ]), array([0.39601 , 0.289405, 0.313372, 0.292917, 0.296901, 0.102772,
       0.011797]), array([0.335707, 0.257122, 0.308892, 0.291016, 0.378728, 0.102094,
       0.012787]), array([0.337337, 0.26201 , 0.319434, 0.292098, 0.385632, 0.098887,
       0.008291]), array([0.39794 , 0.3515  , 0.305113, 0.258416, 0.192049, 0.174966,
       0.041594]), array([0.38524 , 0.351301, 0.259075, 0.253025, 0.164039, 0.158784,
       0.053543]), array([0.392331, 0.36493 , 0.264762, 0.254921, 0.165795, 0.164051,
       0.091793]), array([0.385455, 0.357381, 0.266384, 0.255461, 0.18184 , 0.164536,
       0.090781]), array([0.347498, 0.338055, 0.266669, 0.255556, 0.20356 , 0.199559,
       0.114015]), array([0.347498, 0.338055, 0.266669, 0.255556, 0.20356 , 0.199559,
       0.114015]), array([0.353744, 0.332893, 0.266662, 0.255554, 0.20334 , 0.201113,
       0.113375]), array([0.382893, 0.371393, 0.305169, 0.258193, 0.253263, 0.142508,
       0.008241]), array([0.441683, 0.339   , 0.239755, 0.18786 , 0.122192, 0.113617,
       0.048281]), array([0.441683, 0.339   , 0.239755, 0.18786 , 0.122192, 0.113617,
       0.048281]), array([0.434989, 0.348042, 0.236604, 0.157269, 0.151978, 0.114746,
       0.065011]), array([0.4515  , 0.313185, 0.241243, 0.154478, 0.148264, 0.114574,
       0.0485  ]), array([0.451723, 0.315067, 0.237859, 0.186333, 0.121164, 0.111957,
       0.042078]), array([0.451723, 0.315067, 0.237859, 0.186333, 0.121164, 0.111957,
       0.042078]), array([0.451232, 0.379887, 0.236845, 0.157928, 0.152614, 0.114734,
       0.120113]), array([0.473166, 0.318275, 0.233291, 0.186921, 0.14156 , 0.111753,
       0.093424]), array([0.479866, 0.317652, 0.241348, 0.155819, 0.148978, 0.114147,
       0.08966 ]), array([0.458743, 0.373518, 0.233332, 0.184296, 0.143582, 0.111807,
       0.124368]), array([0.42563 , 0.346562, 0.303873, 0.198127, 0.194381, 0.071401,
       0.040506]), array([0.427121, 0.393215, 0.310455, 0.190269, 0.180331, 0.138768,
       0.062116]), array([0.42744 , 0.408255, 0.304249, 0.193215, 0.1799  , 0.149402,
       0.052018]), array([0.45013 , 0.350072, 0.270793, 0.183441, 0.135988, 0.111812,
       0.04987 ]), array([0.427284, 0.337732, 0.250304, 0.171066, 0.135313, 0.124696,
       0.072716]), array([0.441439, 0.409587, 0.275891, 0.182734, 0.171655, 0.168602,
       0.065024]), array([0.438618, 0.315196, 0.270772, 0.19023 , 0.177795, 0.127326,
       0.061382]), array([0.446849, 0.343951, 0.256332, 0.163154, 0.156127, 0.109551,
       0.053151]), array([0.45763 , 0.316674, 0.262825, 0.187424, 0.139207, 0.111217,
       0.04237 ]), array([0.432523, 0.315677, 0.250304, 0.173265, 0.144691, 0.124696,
       0.067477]), array([0.454109, 0.314817, 0.255572, 0.151956, 0.146855, 0.117051,
       0.045891]), array([0.4713  , 0.380529, 0.269899, 0.185225, 0.142446, 0.11317 ,
       0.119471]), array([0.437051, 0.367849, 0.250304, 0.180457, 0.145474, 0.124696,
       0.132151]), array([0.45351 , 0.358286, 0.256392, 0.203214, 0.19752 , 0.121899,
       0.115697]), array([0.358831, 0.369072, 0.338248, 0.199819, 0.177717, 0.14469 ,
       0.115517]), array([0.342334, 0.374913, 0.357723, 0.19695 , 0.176761, 0.122398,
       0.117194]), array([0.479211, 0.345371, 0.255114, 0.162964, 0.155558, 0.107816,
       0.088971]), array([0.448962, 0.316499, 0.268613, 0.193204, 0.181609, 0.131888,
       0.098008]), array([0.442828, 0.40785 , 0.256707, 0.174476, 0.170216, 0.168087,
       0.10415 ]), array([0.428404, 0.401284, 0.258885, 0.201284, 0.168967, 0.167433,
       0.101533]), array([0.47582 , 0.318751, 0.258598, 0.186216, 0.144341, 0.114034,
       0.091931]), array([0.455598, 0.316993, 0.250304, 0.182735, 0.146156, 0.124696,
       0.102804]), array([0.482128, 0.31988 , 0.253464, 0.153966, 0.148191, 0.118438,
       0.089566]), array([0.417675, 0.357458, 0.304995, 0.262408, 0.19089 , 0.171533,
       0.021725]), array([0.417675, 0.357458, 0.304995, 0.262408, 0.19089 , 0.171533,
       0.021725]), array([0.424861, 0.401499, 0.306203, 0.26615 , 0.181722, 0.122672,
       0.018916]), array([0.451045, 0.425382, 0.233922, 0.180623, 0.144631, 0.112799,
       0.156477]), array([0.444151, 0.425828, 0.236604, 0.157269, 0.151978, 0.114746,
       0.151958]), array([0.437329, 0.423554, 0.273455, 0.181789, 0.171378, 0.168503,
       0.063249]), array([0.423077, 0.418803, 0.305001, 0.192949, 0.178682, 0.152828,
       0.05144 ]), array([0.423077, 0.418803, 0.305001, 0.192949, 0.178682, 0.152828,
       0.05144 ]), array([0.435947, 0.423093, 0.295433, 0.170868, 0.148989, 0.129772,
       0.07048 ]), array([0.435727, 0.42302 , 0.254058, 0.178544, 0.170626, 0.152901,
       0.109459]), array([0.435727, 0.42302 , 0.254058, 0.178544, 0.170626, 0.152901,
       0.109459]), array([0.466148, 0.430251, 0.271442, 0.183561, 0.137802, 0.112401,
       0.1494  ]), array([0.432592, 0.421975, 0.250304, 0.171066, 0.135313, 0.124696,
       0.162268]), array([0.428307, 0.420547, 0.255401, 0.174912, 0.170414, 0.168166,
       0.106957]), array([0.428307, 0.420547, 0.255401, 0.174912, 0.170414, 0.168166,
       0.106957]), array([0.453822, 0.429052, 0.269622, 0.154846, 0.148682, 0.117288,
       0.139184])]
L(solution):149 solution is at:16
[1;32mwrt:[0m 12:09:23 [1;32m Total: [0m2:29:40.168470
---> predicted struc:[0.069595 0.192512 0.364441 0.197504 0.391588 0.301399 0.031555]. Given struc: [0.06946 0.19768 0.35458 0.19969 0.37108 0.28228 0.04636]

 intermediate total: [0m2:29:40.189230

[1;31m=====> for h = [0m 7 [1;31m==============================
[0m
[1;34m===> Pair- 1: [0m [1;34mCurrent pair: [0m [0.06946 0.19768 0.35458 0.19969 0.37108 0.28228 0.04636] [1;34mSolving for: [0m [0.37108 0.35458 0.28228 0.19969 0.19768 0.06946 0.04636]
[1;32mstart:[0m 12:09:23 [1;32m--> Polytope contains complete isosurface. Successful Linearization for [1;31mRO = 7[0m

---> nar : [[7, array([0.377964, 0.377964, 0.377964, 0.377964, 0.377964, 0.377964,
       0.377964]), [0.037881, 0.059943], -1.0]]
[1;32miso:[0m 12:09:24 
---> l 7 Normal [0.377964 0.377964 0.377964 0.377964 0.377964 0.377964 0.377964] dist [0.037881, 0.059943]
[1;32mpoly:[0m 14:57:08 [1;32mintersection:[0m 14:58:21 [1;32msort sol:[0m 14:58:21
poly contains coordinates ?: [False False False False False False False False False False False False
 False False False False False False False False False False False False
 False False False False False False False False False False False False
 False False False False False False False False False False False False
 False False False False False False False False False False False False
 False False False False False False False False False False False False
 False False False False False False False False False False False False
 False False False False False False False False False False False False
 False False False False False False False False False False False False
 False False False False False False False False False False False False
 False False False False False False False False False False False False
 False False False False False False False False False False False False
 False False False False False False False False False False False False
 False False False False False False False False False False False False
 False False False False False False False False False False False False
 False False False False False]
in except: std [0.090962 0.090962 0.090031 0.090031 0.093934 0.110271 0.110675 0.110675
 0.10891  0.125486 0.125486 0.125557 0.125557 0.125619 0.125619 0.1121
 0.105576 0.125454 0.125454 0.109223 0.1138   0.096299 0.096299 0.065422
 0.060472 0.060472 0.302369 0.215513 0.240923 0.05597  0.095902 0.095902
 0.049998 0.056547 0.09127  0.09075  0.074312 0.10083  0.15009  0.15009
 0.15009  0.15009  0.135087 0.121114 0.105857 0.125698 0.150715 0.150715
 0.150715 0.150715 0.116453 0.108669 0.109897 0.109897 0.109897 0.109897
 0.109897 0.10964  0.10964  0.10964  0.10964  0.10964  0.10964  0.10964
 0.10964  0.10964  0.10964  0.114787 0.115207 0.158331 0.158331 0.15811
 0.15811  0.162985 0.158153 0.158601 0.157431 0.159073 0.159443 0.157755
 0.157755 0.158493 0.158493 0.108926 0.122618 0.126377 0.106587 0.12334
 0.128048 0.115456 0.123037 0.105654 0.10705  0.114888 0.122211 0.111937
 0.112509 0.126828 0.126828 0.115193 0.120947 0.099142 0.119331 0.119541
 0.119541 0.115595 0.117983 0.113022 0.116264 0.097889 0.063588 0.063588
 0.062137 0.062137 0.080154 0.090645 0.061586 0.061586 0.09602  0.161788
 0.123996 0.198349 0.09602  0.0794   0.096055 0.077334 0.075706 0.122155
 0.129808 0.111239 0.125286 0.124683 0.125088 0.131046 0.131777 0.119691
 0.122956 0.130596 0.12892  0.129043 0.126832 0.116725 0.123001 0.121508
 0.122829 0.12711  0.128134 0.12392  0.119717 0.113029 0.115562 0.110941
 0.118322 0.115325 0.1174   0.139266 0.115631 0.113252 0.115776 0.133163
 0.120323 0.120109 0.126914 0.123951 0.124985 0.127615 0.165111 0.164911
 0.164911 0.159918 0.161008 0.16772  0.16772  0.167443 0.167443 0.160452
 0.160758 0.103602 0.136001 0.102927 0.102927 0.069506 0.131827 0.131827
 0.077273] best_inx: 32  ms: [array([0.354131, 0.33311 , 0.277624, 0.207143, 0.11691 , 0.086346,
       0.071652]), array([0.354131, 0.33311 , 0.277624, 0.207143, 0.11691 , 0.086346,
       0.071652]), array([0.357321, 0.333155, 0.278344, 0.207143, 0.117629, 0.087919,
       0.071607]), array([0.357321, 0.333155, 0.278344, 0.207143, 0.117629, 0.087919,
       0.071607]), array([0.357292, 0.333184, 0.270826, 0.214435, 0.119033, 0.101176,
       0.071577]), array([0.330003, 0.333155, 0.264753, 0.214464, 0.106503, 0.092639,
       0.071607]), array([0.357624, 0.357303, 0.251005, 0.198995, 0.099645, 0.079467,
       0.009335]), array([0.357624, 0.357303, 0.251005, 0.198995, 0.099645, 0.079467,
       0.009335]), array([0.355726, 0.352893, 0.250812, 0.199188, 0.096798, 0.057243,
       0.028871]), array([0.357321, 0.333155, 0.252844, 0.214464, 0.087599, 0.084755,
       0.005592]), array([0.357321, 0.333155, 0.252844, 0.214464, 0.087599, 0.084755,
       0.005592]), array([0.35684 , 0.333036, 0.252743, 0.213983, 0.087448, 0.084705,
       0.005895]), array([0.35684 , 0.333036, 0.252743, 0.213983, 0.087448, 0.084705,
       0.005895]), array([0.356639, 0.33311 , 0.25276 , 0.214509, 0.087473, 0.084713,
       0.005844]), array([0.356639, 0.33311 , 0.25276 , 0.214509, 0.087473, 0.084713,
       0.005844]), array([0.384703, 0.363018, 0.21248 , 0.198194, 0.118573, 0.103768,
       0.04585 ]), array([0.357645, 0.35731 , 0.251012, 0.198988, 0.099666, 0.05791 ,
       0.030872]), array([0.357366, 0.33311 , 0.25276 , 0.213782, 0.087473, 0.084713,
       0.005844]), array([0.357366, 0.33311 , 0.25276 , 0.213782, 0.087473, 0.084713,
       0.005844]), array([0.362513, 0.346136, 0.251027, 0.1993  , 0.095744, 0.057544,
       0.029774]), array([0.388826, 0.355866, 0.213137, 0.198851, 0.11602 , 0.10356 ,
       0.041751]), array([0.381632, 0.365306, 0.209199, 0.198278, 0.16353 , 0.101722,
       0.085055]), array([0.381632, 0.365306, 0.209199, 0.198278, 0.16353 , 0.101722,
       0.085055]), array([0.353813, 0.322067, 0.25333 , 0.192597, 0.196003, 0.085404,
       0.088542]), array([0.367637, 0.322321, 0.253652, 0.191965, 0.201163, 0.086675,
       0.083998]), array([0.367637, 0.322321, 0.253652, 0.191965, 0.201163, 0.086675,
       0.083998]), array([0.122797, 0.335162, 0.263819, 0.186985, 0.133376, 0.196034,
       0.139886]), array([0.232016, 0.351211, 0.253295, 0.196705, 0.157179, 0.102538,
       0.199697]), array([0.188928, 0.315676, 0.25358 , 0.19642 , 0.13069 , 0.10358 ,
       0.176225]), array([0.384225, 0.364296, 0.259554, 0.192798, 0.203682, 0.105068,
       0.077945]), array([0.390756, 0.353243, 0.210386, 0.198637, 0.163755, 0.101363,
       0.084696]), array([0.390756, 0.353243, 0.210386, 0.198637, 0.163755, 0.101363,
       0.084696]), array([0.38428 , 0.364756, 0.259367, 0.19244 , 0.201442, 0.10375 ,
       0.067678]), array([0.35375 , 0.3202  , 0.253393, 0.192707, 0.18719 , 0.085338,
       0.068035]), array([0.38755 , 0.357117, 0.21426 , 0.166627, 0.166654, 0.100026,
       0.067234]), array([0.379943, 0.364743, 0.214255, 0.166621, 0.166651, 0.10003 ,
       0.067227]), array([0.401387, 0.316667, 0.252906, 0.191288, 0.235925, 0.086481,
       0.068281]), array([0.375259, 0.357402, 0.2559  , 0.199741, 0.192003, 0.160767,
       0.079167]), array([0.357441, 0.348454, 0.269542, 0.256514, 0.19698 , 0.199559,
       0.090925]), array([0.357441, 0.348454, 0.269542, 0.256514, 0.19698 , 0.199559,
       0.090925]), array([0.357441, 0.348454, 0.269542, 0.256514, 0.19698 , 0.199559,
       0.090925]), array([0.357441, 0.348454, 0.269542, 0.256514, 0.19698 , 0.199559,
       0.090925]), array([0.36713 , 0.360472, 0.263729, 0.225673, 0.196006, 0.188017,
       0.10222 ]), array([0.357411, 0.357232, 0.254674, 0.251558, 0.196884, 0.166488,
       0.086449]), array([0.375432, 0.352744, 0.254187, 0.205038, 0.196504, 0.16248 ,
       0.087732]), array([0.356143, 0.354143, 0.266945, 0.212286, 0.190418, 0.180283,
       0.09973 ]), array([0.354465, 0.349109, 0.267913, 0.255971, 0.198189, 0.199559,
       0.092282]), array([0.354465, 0.349109, 0.267913, 0.255971, 0.198189, 0.199559,
       0.092282]), array([0.354465, 0.349109, 0.267913, 0.255971, 0.198189, 0.199559,
       0.092282]), array([0.354465, 0.349109, 0.267913, 0.255971, 0.198189, 0.199559,
       0.092282]), array([0.356033, 0.353812, 0.267846, 0.234536, 0.188874, 0.175819,
       0.069208]), array([0.357009, 0.35674 , 0.270404, 0.214017, 0.184668, 0.171811,
       0.07116 ]), array([0.375324, 0.350981, 0.253136, 0.208124, 0.171665, 0.16864 ,
       0.071104]), array([0.375324, 0.350981, 0.253136, 0.208124, 0.171665, 0.16864 ,
       0.071104]), array([0.375324, 0.350981, 0.253136, 0.208124, 0.171665, 0.16864 ,
       0.071104]), array([0.375324, 0.350981, 0.253136, 0.208124, 0.171665, 0.16864 ,
       0.071104]), array([0.375324, 0.350981, 0.253136, 0.208124, 0.171665, 0.16864 ,
       0.071104]), array([0.375259, 0.357402, 0.253269, 0.202432, 0.17133 , 0.168639,
       0.071169]), array([0.375259, 0.357402, 0.253269, 0.202432, 0.17133 , 0.168639,
       0.071169]), array([0.375259, 0.357402, 0.253269, 0.202432, 0.17133 , 0.168639,
       0.071169]), array([0.375259, 0.357402, 0.253269, 0.202432, 0.17133 , 0.168639,
       0.071169]), array([0.375259, 0.357402, 0.253269, 0.202432, 0.17133 , 0.168639,
       0.071169]), array([0.375259, 0.357402, 0.253269, 0.202432, 0.17133 , 0.168639,
       0.071169]), array([0.375259, 0.357402, 0.253269, 0.202432, 0.17133 , 0.168639,
       0.071169]), array([0.375259, 0.357402, 0.253269, 0.202432, 0.17133 , 0.168639,
       0.071169]), array([0.375259, 0.357402, 0.253269, 0.202432, 0.17133 , 0.168639,
       0.071169]), array([0.375259, 0.357402, 0.253269, 0.202432, 0.17133 , 0.168639,
       0.071169]), array([0.368787, 0.361024, 0.267426, 0.228264, 0.190836, 0.177479,
       0.06578 ]), array([0.36867 , 0.353484, 0.26739 , 0.230096, 0.190534, 0.17721 ,
       0.06777 ]), array([0.356994, 0.345441, 0.256931, 0.214435, 0.20617 , 0.166592,
       0.166443]), array([0.356994, 0.345441, 0.256931, 0.214435, 0.20617 , 0.166592,
       0.166443]), array([0.356964, 0.346868, 0.256358, 0.211757, 0.206699, 0.166577,
       0.166399]), array([0.356964, 0.346868, 0.256358, 0.211757, 0.206699, 0.166577,
       0.166399]), array([0.361026, 0.347604, 0.253883, 0.202796, 0.217471, 0.179619,
       0.160693]), array([0.361371, 0.347403, 0.254228, 0.212147, 0.20787 , 0.166555,
       0.166332]), array([0.359844, 0.359844, 0.252701, 0.200601, 0.219097, 0.177167,
       0.156202]), array([0.362409, 0.357321, 0.255266, 0.210231, 0.202123, 0.166577,
       0.166399]), array([0.357015, 0.33975 , 0.259356, 0.214477, 0.21435 , 0.166603,
       0.166475]), array([0.361805, 0.339718, 0.254662, 0.214509, 0.21436 , 0.166592,
       0.166443]), array([0.362379, 0.357292, 0.255236, 0.214435, 0.198009, 0.166592,
       0.166443]), array([0.362379, 0.357292, 0.255236, 0.214435, 0.198009, 0.166592,
       0.166443]), array([0.36146 , 0.345476, 0.254317, 0.214464, 0.207837, 0.166577,
       0.166399]), array([0.36146 , 0.345476, 0.254317, 0.214464, 0.207837, 0.166577,
       0.166399]), array([0.350623, 0.330653, 0.313234, 0.219589, 0.108215, 0.093818,
       0.076732]), array([0.367789, 0.321302, 0.341608, 0.200451, 0.106962, 0.092223,
       0.086964]), array([0.367465, 0.321337, 0.346217, 0.188947, 0.104773, 0.089048,
       0.086786]), array([0.363774, 0.3308  , 0.319031, 0.219328, 0.111079, 0.093938,
       0.076471]), array([0.350796, 0.320675, 0.338878, 0.201877, 0.107364, 0.08968 ,
       0.089693]), array([0.353625, 0.319833, 0.344907, 0.189435, 0.104977, 0.086851,
       0.090639]), array([0.349263, 0.320102, 0.330769, 0.200351, 0.105048, 0.091214,
       0.062474]), array([0.353095, 0.312019, 0.338201, 0.188372, 0.103105, 0.087381,
       0.068323]), array([0.363945, 0.330456, 0.317226, 0.220004, 0.10754 , 0.093241,
       0.060687]), array([0.352156, 0.330291, 0.313212, 0.220299, 0.106398, 0.093394,
       0.061356]), array([0.368891, 0.321154, 0.333824, 0.200896, 0.105082, 0.093257,
       0.063046]), array([0.370842, 0.316682, 0.342663, 0.188509, 0.103495, 0.089257,
       0.067934]), array([0.363269, 0.363345, 0.350851, 0.208214, 0.187959, 0.128814,
       0.109605]), array([0.363313, 0.363462, 0.351024, 0.208212, 0.187872, 0.122027,
       0.116082]), array([0.347553, 0.341027, 0.347553, 0.215666, 0.214746, 0.136587,
       0.124046]), array([0.347553, 0.341027, 0.347553, 0.215666, 0.214746, 0.136587,
       0.124046]), array([0.36074 , 0.353012, 0.34902 , 0.219381, 0.182778, 0.132221,
       0.110836]), array([0.360019, 0.363615, 0.360019, 0.220145, 0.176191, 0.130533,
       0.107767]), array([0.361212, 0.358499, 0.322796, 0.27701 , 0.216999, 0.100308,
       0.074141]), array([0.360329, 0.3656  , 0.360329, 0.207734, 0.186134, 0.131321,
       0.108702]), array([0.358721, 0.341816, 0.337173, 0.215469, 0.21468 , 0.13639 ,
       0.123454]), array([0.358721, 0.341816, 0.337173, 0.215469, 0.21468 , 0.13639 ,
       0.123454]), array([0.362131, 0.361553, 0.35275 , 0.220122, 0.178539, 0.130693,
       0.107467]), array([0.352101, 0.351363, 0.352101, 0.219721, 0.184852, 0.131844,
       0.111297]), array([0.362032, 0.352454, 0.347318, 0.209138, 0.191336, 0.133136,
       0.111732]), array([0.351135, 0.350801, 0.351135, 0.209456, 0.191644, 0.132673,
       0.111449]), array([0.391696, 0.380565, 0.362208, 0.198325, 0.194976, 0.109618,
       0.068079]), array([0.423609, 0.3602  , 0.31503 , 0.19968 , 0.199039, 0.067472,
       0.05956 ]), array([0.423609, 0.3602  , 0.31503 , 0.19968 , 0.199039, 0.067472,
       0.05956 ]), array([0.423463, 0.356631, 0.313221, 0.199744, 0.199232, 0.067124,
       0.058514]), array([0.423463, 0.356631, 0.313221, 0.199744, 0.199232, 0.067124,
       0.058514]), array([0.365762, 0.360016, 0.315701, 0.266524, 0.220032, 0.084251,
       0.038312]), array([0.355241, 0.351438, 0.314899, 0.276912, 0.210483, 0.087137,
       0.067625]), array([0.423497, 0.356716, 0.313494, 0.199787, 0.19936 , 0.071856,
       0.05397 ]), array([0.423497, 0.356716, 0.313494, 0.199787, 0.19936 , 0.071856,
       0.05397 ]), array([0.395833, 0.380359, 0.358255, 0.197158, 0.191473, 0.111289,
       0.065744]), array([0.401244, 0.36553 , 0.405189, 0.194802, 0.184407, 0.16624 ,
       0.068102]), array([0.395636, 0.363493, 0.381746, 0.19735 , 0.19205 , 0.138284,
       0.051367]), array([0.401786, 0.379638, 0.434484, 0.197681, 0.193043, 0.188467,
       0.066791]), array([0.395833, 0.380359, 0.358255, 0.197158, 0.191473, 0.111289,
       0.065744]), array([0.364601, 0.356463, 0.313414, 0.266303, 0.221744, 0.084013,
       0.038533]), array([0.354808, 0.350138, 0.320416, 0.27674 , 0.224109, 0.09035 ,
       0.066758]), array([0.368331, 0.360872, 0.313414, 0.266303, 0.213606, 0.084013,
       0.038533]), array([0.368128, 0.356667, 0.309824, 0.266269, 0.21381 , 0.083809,
       0.038566]), array([0.362021, 0.336557, 0.327612, 0.218022, 0.215531, 0.160166,
       0.106173]), array([0.360622, 0.360959, 0.360622, 0.205581, 0.180164, 0.15308 ,
       0.103182]), array([0.363956, 0.363449, 0.317816, 0.223112, 0.203371, 0.162232,
       0.088718]), array([0.364015, 0.359169, 0.350904, 0.217669, 0.176779, 0.152546,
       0.103394]), array([0.364738, 0.346827, 0.326063, 0.225288, 0.190686, 0.1741  ,
       0.089661]), array([0.362633, 0.345814, 0.346614, 0.218529, 0.186472, 0.156292,
       0.104149]), array([0.360976, 0.358987, 0.360976, 0.217277, 0.172936, 0.151503,
       0.10298 ]), array([0.344339, 0.336576, 0.344339, 0.217944, 0.215505, 0.158592,
       0.108644]), array([0.366972, 0.347684, 0.331935, 0.196225, 0.208142, 0.16694 ,
       0.092964]), array([0.363197, 0.346544, 0.346887, 0.208441, 0.192557, 0.154913,
       0.104776]), array([0.344935, 0.346534, 0.335202, 0.228207, 0.19237 , 0.17276 ,
       0.091014]), array([0.350195, 0.344476, 0.350195, 0.219258, 0.190339, 0.156041,
       0.105829]), array([0.346185, 0.346249, 0.340305, 0.207035, 0.191708, 0.170069,
       0.095189]), array([0.350471, 0.345892, 0.350471, 0.208541, 0.193512, 0.154666,
       0.106196]), array([0.364938, 0.364627, 0.332299, 0.18979 , 0.21107 , 0.162865,
       0.090885]), array([0.363854, 0.360417, 0.349876, 0.206385, 0.184427, 0.153132,
       0.103388]), array([0.37827 , 0.364185, 0.29922 , 0.209967, 0.196861, 0.186918,
       0.06711 ]), array([0.383236, 0.352117, 0.299959, 0.211168, 0.196937, 0.187808,
       0.068311]), array([0.369358, 0.349591, 0.302947, 0.234177, 0.196939, 0.188317,
       0.06598 ]), array([0.355337, 0.351725, 0.299739, 0.237234, 0.196732, 0.187846,
       0.06714 ]), array([0.369207, 0.361164, 0.302889, 0.232175, 0.196189, 0.185753,
       0.063768]), array([0.357009, 0.35674 , 0.29298 , 0.214017, 0.194764, 0.184291,
       0.07116 ]), array([0.364358, 0.359548, 0.321118, 0.298721, 0.202086, 0.09132 ,
       0.076239]), array([0.363699, 0.344639, 0.321605, 0.298873, 0.219181, 0.090845,
       0.076324]), array([0.361571, 0.358619, 0.317995, 0.295338, 0.217238, 0.094149,
       0.074381]), array([0.35315 , 0.345163, 0.321651, 0.299778, 0.221135, 0.090751,
       0.078278]), array([0.364234, 0.3489  , 0.321846, 0.300086, 0.206043, 0.090717,
       0.078826]), array([0.35422 , 0.348374, 0.321051, 0.300237, 0.20844 , 0.091095,
       0.0819  ]), array([0.355471, 0.352127, 0.328709, 0.319462, 0.24589 , 0.085005,
       0.037506]), array([0.372841, 0.363378, 0.324884, 0.305164, 0.213318, 0.061085,
       0.040398]), array([0.354946, 0.350551, 0.31812 , 0.30032 , 0.209891, 0.093165,
       0.067034]), array([0.37474 , 0.356883, 0.32346 , 0.306116, 0.214026, 0.061275,
       0.040969]), array([0.355572, 0.35243 , 0.328599, 0.314416, 0.243857, 0.064746,
       0.051382]), array([0.374681, 0.356978, 0.327656, 0.306548, 0.21412 , 0.083499,
       0.023693]), array([0.371867, 0.3603  , 0.327948, 0.306136, 0.214093, 0.083527,
       0.023791]), array([0.367807, 0.353331, 0.326036, 0.311863, 0.237059, 0.064717,
       0.051295]), array([0.368373, 0.361823, 0.324919, 0.309979, 0.2335  , 0.06422 ,
       0.049803]), array([0.368742, 0.359414, 0.328696, 0.309887, 0.226499, 0.08429 ,
       0.030738]), array([0.368531, 0.354781, 0.329   , 0.312253, 0.229723, 0.084216,
       0.032888]), array([0.499698, 0.352554, 0.262343, 0.193681, 0.110347, 0.102584,
       0.085818]), array([0.49977 , 0.357359, 0.263512, 0.192241, 0.111198, 0.102908,
       0.086624]), array([0.49977 , 0.357359, 0.263512, 0.192241, 0.111198, 0.102908,
       0.086624]), array([0.495206, 0.350014, 0.261041, 0.19273 , 0.107359, 0.102391,
       0.06646 ]), array([0.496178, 0.359735, 0.261381, 0.18699 , 0.107799, 0.103322,
       0.066952]), array([0.49804 , 0.357294, 0.289043, 0.197853, 0.100303, 0.100151,
       0.08548 ]), array([0.49804 , 0.357294, 0.289043, 0.197853, 0.100303, 0.100151,
       0.08548 ]), array([0.497984, 0.355743, 0.289043, 0.1986  , 0.100378, 0.100189,
       0.084733]), array([0.497984, 0.355743, 0.289043, 0.1986  , 0.100378, 0.100189,
       0.084733]), array([0.492012, 0.352058, 0.289043, 0.194915, 0.100303, 0.100151,
       0.071277]), array([0.492063, 0.357269, 0.289043, 0.189754, 0.100252, 0.100126,
       0.071302]), array([0.453255, 0.375208, 0.324683, 0.199896, 0.199688, 0.101675,
       0.073103]), array([0.496021, 0.329354, 0.298109, 0.199618, 0.198855, 0.100679,
       0.078345]), array([0.452854, 0.375173, 0.324282, 0.199913, 0.19974 , 0.102547,
       0.071255]), array([0.452854, 0.375173, 0.324282, 0.199913, 0.19974 , 0.102547,
       0.071255]), array([0.429931, 0.358849, 0.315527, 0.199593, 0.19878 , 0.068251,
       0.061895]), array([0.492367, 0.325701, 0.298499, 0.199689, 0.199067, 0.100622,
       0.070807]), array([0.492367, 0.325701, 0.298499, 0.199689, 0.199067, 0.100622,
       0.070807]), array([0.439073, 0.347885, 0.315315, 0.199649, 0.198946, 0.067877,
       0.060775])]
L(solution):185 solution is at:32
[1;32mwrt:[0m 15:00:02 [1;32m Total: [0m2:50:39.643213
---> predicted struc:[0.10375  0.201442 0.364756 0.19244  0.38428  0.259367 0.067678]. Given struc: [0.06946 0.19768 0.35458 0.19969 0.37108 0.28228 0.04636]

 intermediate total: [0m2:50:39.655318

[1;31m=====> for h = [0m 8 [1;31m==============================
[0m
[1;34m===> Pair- 1: [0m [1;34mCurrent pair: [0m [0.06946 0.19768 0.35458 0.19969 0.37108 0.28228 0.04636] [1;34mSolving for: [0m [0.37108 0.35458 0.28228 0.19969 0.19768 0.06946 0.04636]
[1;32mstart:[0m 15:00:02 [1;32m--> Polytope contains complete isosurface. Successful Linearization for [1;31mRO = 8[0m

---> nar : [[8, array([0.377964, 0.377964, 0.377964, 0.377964, 0.377964, 0.377964,
       0.377964]), [0.053365, 0.072995], -1.0]]
[1;32miso:[0m 15:00:11 
---> l 8 Normal [0.377964 0.377964 0.377964 0.377964 0.377964 0.377964 0.377964] dist [0.053365, 0.072995]
[1;32mpoly:[0m 18:54:04 [1;32mintersection:[0m 18:58:50 [1;32msort sol:[0m 18:58:50
poly contains coordinates ?: [False False False False False False False False False False False False
 False False False False False False False False False False False False
 False False False False False False False False False False False False
 False False False False False False False False False False False False
 False False False False False False False False False False False False
 False False False False False False False False False False False False
 False False False False False False False False False False False False
 False False False False False False False False False False False False
 False False False False False False False False False False False False
 False False False False False False False False False False False False
 False False False False False False False False False False False False
 False False False False False False False False False False False False
 False False False False False False False False False False False False
 False False False False False False False False False False False False
 False False False False False False False False False False False False
 False False False False False False False False False False False False
 False False False False False False False False False False False False
 False False False False False False False False False False False False
 False False False False False False False False False False False False
 False False False]
in except: std [0.102899 0.102899 0.118159 0.106681 0.108003 0.209856 0.246125 0.141437
 0.12062  0.248985 0.141907 0.126165 0.160102 0.132429 0.135978 0.111846
 0.118263 0.196632 0.233692 0.115448 0.103288 0.103288 0.11099  0.11099
 0.057539 0.057539 0.113703 0.117749 0.124316 0.317701 0.100166 0.053119
 0.052831 0.10074  0.063374 0.064234 0.17847  0.154988 0.38298  0.309894
 0.085085 0.12037  0.067468 0.067468 0.122537 0.106869 0.10423  0.10423
 0.048074 0.048074 0.052665 0.061048 0.061048 0.267771 0.062802 0.101242
 0.180849 0.138581 0.121306 0.283523 0.24554  0.263266 0.309115 0.250306
 0.276215 0.273364 0.262242 0.121306 0.10274  0.120439 0.179798 0.200966
 0.121166 0.130987 0.239087 0.125009 0.125653 0.1195   0.263904 0.275438
 0.241481 0.275093 0.263836 0.263413 0.243923 0.118869 0.133237 0.13073
 0.139641 0.103097 0.140609 0.141855 0.093691 0.132324 0.13238  0.129499
 0.128922 0.124133 0.129001 0.119342 0.122512 0.189617 0.185101 0.182122
 0.178472 0.18021  0.128101 0.126185 0.109156 0.109156 0.132156 0.123131
 0.10758  0.10758  0.125301 0.125266 0.134706 0.130621 0.105245 0.105245
 0.121058 0.128277 0.128277 0.130797 0.129575 0.083025 0.120135 0.121399
 0.121311 0.131164 0.145908 0.131166 0.094773 0.097102 0.108614 0.120518
 0.124888 0.125188 0.125188 0.103389 0.108233 0.108233 0.108233 0.108233
 0.104278 0.125152 0.077226 0.077226 0.040678 0.039444 0.061476 0.135797
 0.070311 0.065682 0.04512  0.062933 0.042648 0.038652 0.056316 0.032551
 0.027349 0.056999 0.074948 0.035439 0.056135 0.123582 0.117448 0.116527
 0.120985 0.259165 0.134756 0.262994 0.194229 0.122896 0.288808 0.19753
 0.120985 0.131518 0.132179 0.128837 0.12831  0.127784 0.118874 0.117637
 0.110141 0.12115  0.11431  0.250189 0.228442 0.230019 0.241658 0.11431
 0.131872 0.130161 0.128405 0.127863 0.120275 0.125152 0.116367 0.12209
 0.12502  0.130546 0.114383 0.119311 0.08235  0.085583 0.102889 0.115608
 0.103057 0.141594 0.079522 0.080442 0.083986 0.119062 0.128824 0.130608
 0.119165 0.136786 0.123497 0.12384  0.125496 0.120245 0.123757 0.129586
 0.120378 0.131107 0.125047 0.131179 0.11871  0.125223 0.120365] best_inx: 160  ms: [array([0.36185 , 0.326761, 0.304736, 0.206228, 0.106621, 0.090326,
       0.067691]), array([0.36185 , 0.326761, 0.304736, 0.206228, 0.106621, 0.090326,
       0.067691]), array([0.365558, 0.323281, 0.338539, 0.180513, 0.104878, 0.087361,
       0.0684  ]), array([0.360893, 0.331827, 0.309293, 0.184293, 0.102936, 0.08654 ,
       0.069261]), array([0.358632, 0.311901, 0.310703, 0.211236, 0.10949 , 0.090684,
       0.069142]), array([0.242859, 0.311725, 0.310174, 0.326977, 0.109337, 0.091701,
       0.068345]), array([0.214072, 0.310159, 0.31172 , 0.357143, 0.111655, 0.090371,
       0.067745]), array([0.426285, 0.309933, 0.311644, 0.140571, 0.10201 , 0.098438,
       0.07113 ]), array([0.411789, 0.310093, 0.311698, 0.15982 , 0.111031, 0.091487,
       0.067912]), array([0.217262, 0.311644, 0.309933, 0.357143, 0.101172, 0.103516,
       0.06782 ]), array([0.428608, 0.311737, 0.310212, 0.142894, 0.101708, 0.103795,
       0.070792]), array([0.40884 , 0.311891, 0.310672, 0.166272, 0.102078, 0.103796,
       0.067043]), array([0.287907, 0.311699, 0.310098, 0.287907, 0.111482, 0.092518,
       0.065284]), array([0.41678 , 0.311563, 0.309688, 0.15176 , 0.102478, 0.099364,
       0.0707  ]), array([0.429348, 0.311763, 0.31029 , 0.140542, 0.108651, 0.093082,
       0.068588]), array([0.358608, 0.322952, 0.333094, 0.194567, 0.109104, 0.090829,
       0.067411]), array([0.36502 , 0.322182, 0.339813, 0.184081, 0.103419, 0.086752,
       0.059081]), array([0.251718, 0.323153, 0.328619, 0.31386 , 0.109674, 0.089543,
       0.05629 ]), array([0.222356, 0.327594, 0.319493, 0.347312, 0.10756 , 0.090056,
       0.052822]), array([0.366562, 0.323711, 0.342547, 0.194833, 0.106961, 0.087549,
       0.058285]), array([0.362051, 0.325058, 0.305414, 0.210393, 0.104921, 0.086809,
       0.059024]), array([0.362051, 0.325058, 0.305414, 0.210393, 0.104921, 0.086809,
       0.059024]), array([0.358501, 0.311142, 0.311142, 0.212873, 0.103864, 0.087197,
       0.058636]), array([0.358501, 0.311142, 0.311142, 0.212873, 0.103864, 0.087197,
       0.058636]), array([0.354941, 0.324731, 0.252201, 0.182152, 0.183331, 0.085782,
       0.068147]), array([0.354941, 0.324731, 0.252201, 0.182152, 0.183331, 0.085782,
       0.068147]), array([0.289055, 0.306407, 0.268693, 0.193676, 0.200486, 0.111695,
       0.089572]), array([0.445939, 0.310881, 0.310881, 0.201986, 0.153626, 0.125259,
       0.068129]), array([0.452288, 0.307192, 0.309772, 0.200893, 0.15625 , 0.131046,
       0.065005]), array([0.234977, 0.306299, 0.286382, 0.20059 , 0.15782 , 0.276132,
       0.235461]), array([0.361035, 0.323345, 0.344825, 0.194286, 0.132285, 0.087226,
       0.066939]), array([0.364798, 0.321538, 0.255282, 0.194186, 0.19623 , 0.091694,
       0.067211]), array([0.371512, 0.324468, 0.251814, 0.195298, 0.206491, 0.092684,
       0.064242]), array([0.364378, 0.322917, 0.336599, 0.186779, 0.125721, 0.084055,
       0.070707]), array([0.361797, 0.306666, 0.255314, 0.194081, 0.204224, 0.08937 ,
       0.067253]), array([0.371816, 0.311493, 0.251828, 0.194305, 0.22123 , 0.090684,
       0.063898]), array([0.360378, 0.323933, 0.309265, 0.120776, 0.152516, 0.086568,
       0.193022]), array([0.368346, 0.323562, 0.308398, 0.131506, 0.149956, 0.087435,
       0.169322]), array([0.178346, 0.323053, 0.308393, 0.132701, 0.156114, 0.08744 ,
       0.364657]), array([0.209265, 0.322516, 0.287216, 0.13266 , 0.156347, 0.093648,
       0.295381]), array([0.357143, 0.332482, 0.356292, 0.213435, 0.188351, 0.084184,
       0.070577]), array([0.279277, 0.306862, 0.267352, 0.193646, 0.178865, 0.110854,
       0.084535]), array([0.356481, 0.307986, 0.250662, 0.185851, 0.185851, 0.084983,
       0.070767]), array([0.356481, 0.307986, 0.250662, 0.185851, 0.185851, 0.084983,
       0.070767]), array([0.276735, 0.307041, 0.266074, 0.178915, 0.180954, 0.11005 ,
       0.081474]), array([0.355801, 0.325115, 0.352751, 0.18445 , 0.129392, 0.086383,
       0.05945 ]), array([0.352716, 0.323542, 0.348744, 0.194904, 0.129427, 0.087119,
       0.058715]), array([0.352716, 0.323542, 0.348744, 0.194904, 0.129427, 0.087119,
       0.058715]), array([0.372395, 0.325275, 0.251955, 0.195639, 0.201174, 0.089563,
       0.056271]), array([0.372395, 0.325275, 0.251955, 0.195639, 0.201174, 0.089563,
       0.056271]), array([0.355567, 0.327119, 0.251576, 0.185702, 0.183924, 0.085131,
       0.060702]), array([0.372948, 0.310951, 0.252052, 0.193938, 0.217421, 0.08853 ,
       0.057304]), array([0.372948, 0.310951, 0.252052, 0.193938, 0.217421, 0.08853 ,
       0.057304]), array([0.291955, 0.119071, 0.277525, 0.157271, 0.152525, 0.147109,
       0.037088]), array([0.355794, 0.308124, 0.251349, 0.198651, 0.185713, 0.08512 ,
       0.060713]), array([0.318814, 0.306949, 0.260061, 0.194359, 0.204624, 0.130241,
       0.077743]), array([0.255241, 0.306949, 0.260061, 0.194359, 0.204624, 0.193814,
       0.077743]), array([0.358906, 0.366642, 0.341033, 0.185074, 0.185747, 0.179157,
       0.101763]), array([0.357009, 0.35674 , 0.286785, 0.214017, 0.186965, 0.185895,
       0.07116 ]), array([0.365436, 0.156678, 0.299377, 0.232143, 0.177859, 0.155678,
       0.225291]), array([0.327832, 0.233496, 0.279778, 0.375   , 0.184642, 0.178927,
       0.075774]), array([0.36519 , 0.181471, 0.29014 , 0.232143, 0.178262, 0.154762,
       0.221114]), array([0.366071, 0.151211, 0.279091, 0.232143, 0.180556, 0.173611,
       0.251211]), array([0.365614, 0.233876, 0.310165, 0.227996, 0.186333, 0.183998,
       0.228644]), array([0.365063, 0.198252, 0.302292, 0.229825, 0.182234, 0.175615,
       0.243854]), array([0.365686, 0.186582, 0.301877, 0.230076, 0.182322, 0.176323,
       0.229424]), array([0.365609, 0.164904, 0.297919, 0.230994, 0.159228, 0.151678,
       0.199008]), array([0.357009, 0.35674 , 0.286785, 0.214017, 0.186965, 0.185895,
       0.07116 ]), array([0.315267, 0.30766 , 0.252574, 0.193625, 0.184733, 0.127574,
       0.074195]), array([0.370988, 0.362964, 0.315286, 0.23478 , 0.194703, 0.177657,
       0.066335]), array([0.367456, 0.367438, 0.325746, 0.089871, 0.278872, 0.167105,
       0.091887]), array([0.366071, 0.366071, 0.320271, 0.070501, 0.291379, 0.167166,
       0.107771]), array([0.369599, 0.363025, 0.315606, 0.234004, 0.195111, 0.178531,
       0.06677 ]), array([0.36669 , 0.35007 , 0.300673, 0.23799 , 0.195879, 0.191549,
       0.066455]), array([0.335513, 0.25654 , 0.282886, 0.378141, 0.193477, 0.189249,
       0.054934]), array([0.357009, 0.35674 , 0.296472, 0.214017, 0.19316 , 0.189387,
       0.07116 ]), array([0.371762, 0.365285, 0.316089, 0.236056, 0.185625, 0.181876,
       0.066987]), array([0.367512, 0.352535, 0.299405, 0.237763, 0.195219, 0.179478,
       0.066618]), array([0.162941, 0.344779, 0.302655, 0.221414, 0.200065, 0.097586,
       0.203024]), array([0.210572, 0.342289, 0.31149 , 0.198477, 0.210039, 0.165657,
       0.245586]), array([0.240701, 0.348793, 0.305911, 0.201724, 0.212862, 0.178571,
       0.215425]), array([0.207988, 0.345182, 0.300744, 0.221152, 0.19971 , 0.17786 ,
       0.237233]), array([0.208835, 0.347541, 0.307385, 0.199765, 0.213216, 0.158555,
       0.231905]), array([0.322262, 0.216785, 0.279941, 0.394523, 0.193125, 0.165917,
       0.073291]), array([0.327859, 0.233576, 0.28159 , 0.375   , 0.192708, 0.175764,
       0.07684 ]), array([0.357009, 0.35674 , 0.292169, 0.214017, 0.194764, 0.18348 ,
       0.07116 ]), array([0.367542, 0.352626, 0.315036, 0.232922, 0.19586 , 0.192616,
       0.066049]), array([0.367218, 0.361301, 0.315823, 0.229357, 0.194983, 0.190394,
       0.066178]), array([0.27442 , 0.30661 , 0.266121, 0.193917, 0.201882, 0.14942 ,
       0.080268]), array([0.314394, 0.307971, 0.250939, 0.185606, 0.185606, 0.125939,
       0.073322]), array([0.269892, 0.307239, 0.262913, 0.193685, 0.1819  , 0.144892,
       0.077029]), array([0.266705, 0.30733 , 0.263285, 0.180717, 0.183386, 0.141705,
       0.075543]), array([0.316288, 0.344049, 0.261539, 0.18074 , 0.183712, 0.131491,
       0.075216]), array([0.369735, 0.359206, 0.315499, 0.236076, 0.195162, 0.191868,
       0.054659]), array([0.367896, 0.361987, 0.315599, 0.234002, 0.195642, 0.192331,
       0.054753]), array([0.368076, 0.354229, 0.30141 , 0.237456, 0.195822, 0.191402,
       0.056129]), array([0.367007, 0.361699, 0.303595, 0.232251, 0.196104, 0.191732,
       0.055653]), array([0.370975, 0.361112, 0.315913, 0.24004 , 0.194163, 0.180982,
       0.058917]), array([0.370255, 0.361894, 0.316479, 0.241689, 0.186656, 0.184968,
       0.060139]), array([0.365411, 0.358585, 0.299492, 0.234013, 0.194776, 0.181476,
       0.059161]), array([0.364707, 0.359036, 0.298441, 0.231716, 0.186677, 0.185031,
       0.059933]), array([0.360276, 0.342713, 0.254906, 0.193676, 0.195324, 0.190752,
       0.188467]), array([0.358303, 0.353914, 0.254389, 0.18634 , 0.187113, 0.186533,
       0.185373]), array([0.360301, 0.343762, 0.255688, 0.197205, 0.197372, 0.190791,
       0.17865 ]), array([0.36029 , 0.3445  , 0.255969, 0.198939, 0.199256, 0.184641,
       0.179297]), array([0.359974, 0.348372, 0.256443, 0.204439, 0.186378, 0.184695,
       0.18133 ]), array([0.340491, 0.331919, 0.329089, 0.252829, 0.10148 , 0.084813,
       0.067704]), array([0.345917, 0.331882, 0.328978, 0.252903, 0.101184, 0.084517,
       0.061316]), array([0.35672 , 0.355874, 0.307233, 0.299512, 0.183301, 0.087532,
       0.070583]), array([0.35672 , 0.355874, 0.307233, 0.299512, 0.183301, 0.087532,
       0.070583]), array([0.366835, 0.358327, 0.32467 , 0.316222, 0.180353, 0.087928,
       0.083981]), array([0.371035, 0.360469, 0.321965, 0.305374, 0.243241, 0.064262,
       0.063087]), array([0.35658 , 0.355454, 0.319306, 0.294762, 0.184169, 0.086664,
       0.068138]), array([0.35658 , 0.355454, 0.319306, 0.294762, 0.184169, 0.086664,
       0.068138]), array([0.371818, 0.363795, 0.311957, 0.310871, 0.243136, 0.06438 ,
       0.063127]), array([0.371657, 0.364116, 0.311957, 0.310871, 0.242975, 0.06438 ,
       0.063127]), array([0.366603, 0.350478, 0.324853, 0.317999, 0.242318, 0.063755,
       0.062918]), array([0.365688, 0.360331, 0.321189, 0.315468, 0.239806, 0.063766,
       0.062922]), array([0.357092, 0.356989, 0.319604, 0.293932, 0.185496, 0.085337,
       0.060496]), array([0.357092, 0.356989, 0.319604, 0.293932, 0.185496, 0.085337,
       0.060496]), array([0.368113, 0.35895 , 0.322463, 0.307104, 0.235913, 0.066419,
       0.048254]), array([0.36672 , 0.360871, 0.322471, 0.315989, 0.232898, 0.066425,
       0.048842]), array([0.36672 , 0.360871, 0.322471, 0.315989, 0.232898, 0.066425,
       0.048842]), array([0.36661 , 0.356121, 0.324043, 0.316276, 0.23779 , 0.058919,
       0.051757]), array([0.366995, 0.36088 , 0.323842, 0.316493, 0.232592, 0.059195,
       0.052586]), array([0.357135, 0.35712 , 0.30625 , 0.274261, 0.187485, 0.083349,
       0.062485]), array([0.367425, 0.360967, 0.312016, 0.311047, 0.228537, 0.057672,
       0.048015]), array([0.369459, 0.362262, 0.311982, 0.310945, 0.235183, 0.067165,
       0.048498]), array([0.366888, 0.358674, 0.324465, 0.307033, 0.232934, 0.058261,
       0.049784]), array([0.353924, 0.345786, 0.311784, 0.310352, 0.25085 , 0.084183,
       0.072279]), array([0.349445, 0.326032, 0.327217, 0.319152, 0.25085 , 0.084183,
       0.072279]), array([0.352258, 0.340789, 0.322791, 0.306007, 0.25085 , 0.084183,
       0.072279]), array([0.393637, 0.355251, 0.211903, 0.187009, 0.166176, 0.100491,
       0.083824]), array([0.395359, 0.351979, 0.208419, 0.195977, 0.166154, 0.100513,
       0.083846]), array([0.375628, 0.332705, 0.311872, 0.186872, 0.100628, 0.083961,
       0.071429]), array([0.388812, 0.324904, 0.34264 , 0.194851, 0.104418, 0.087752,
       0.071465]), array([0.383664, 0.324566, 0.348189, 0.178885, 0.103092, 0.086425,
       0.069298]), array([0.384296, 0.325592, 0.346606, 0.178257, 0.102771, 0.086104,
       0.0742  ]), array([0.384296, 0.325592, 0.346606, 0.178257, 0.102771, 0.086104,
       0.0742  ]), array([0.377077, 0.331257, 0.310819, 0.207083, 0.10654 , 0.089874,
       0.069098]), array([0.377247, 0.332076, 0.326728, 0.196467, 0.104336, 0.08767 ,
       0.058164]), array([0.377247, 0.332076, 0.326728, 0.196467, 0.104336, 0.08767 ,
       0.058164]), array([0.377247, 0.332076, 0.326728, 0.196467, 0.104336, 0.08767 ,
       0.058164]), array([0.377247, 0.332076, 0.326728, 0.196467, 0.104336, 0.08767 ,
       0.058164]), array([0.376964, 0.331369, 0.310536, 0.211021, 0.103265, 0.086598,
       0.059235]), array([0.380166, 0.325925, 0.351977, 0.178573, 0.102813, 0.086146,
       0.059687]), array([0.398821, 0.307323, 0.255666, 0.194493, 0.236199, 0.08757 ,
       0.06671 ]), array([0.398821, 0.307323, 0.255666, 0.194493, 0.236199, 0.08757 ,
       0.06671 ]), array([0.379767, 0.36538 , 0.30609 , 0.194135, 0.18109 , 0.08182 ,
       0.06726 ]), array([0.378082, 0.366028, 0.307642, 0.193679, 0.182642, 0.076286,
       0.066942]), array([0.383389, 0.364749, 0.328952, 0.184576, 0.178729, 0.087752,
       0.066948]), array([0.495851, 0.329184, 0.298109, 0.199618, 0.198855, 0.100679,
       0.078006]), array([0.395144, 0.364107, 0.33704 , 0.196419, 0.192107, 0.097755,
       0.067164]), array([0.389529, 0.36407 , 0.332962, 0.194426, 0.179155, 0.09187 ,
       0.067385]), array([0.398206, 0.365156, 0.28361 , 0.195638, 0.191246, 0.096136,
       0.066779]), array([0.376341, 0.311159, 0.250482, 0.199518, 0.186159, 0.083815,
       0.07277 ]), array([0.377935, 0.366037, 0.307358, 0.184929, 0.179787, 0.07657 ,
       0.06693 ]), array([0.376413, 0.366071, 0.308414, 0.185457, 0.181372, 0.075514,
       0.058414]), array([0.390223, 0.364247, 0.329705, 0.196913, 0.193525, 0.089971,
       0.050465]), array([0.379151, 0.364827, 0.304811, 0.19703 , 0.193949, 0.08647 ,
       0.054811]), array([0.382001, 0.366034, 0.299974, 0.197367, 0.194608, 0.079666,
       0.054449]), array([0.381208, 0.364772, 0.3283  , 0.185338, 0.181014, 0.086815,
       0.058176]), array([0.396341, 0.307653, 0.254232, 0.194537, 0.236477, 0.086468,
       0.059366]), array([0.378605, 0.365962, 0.307284, 0.193641, 0.182284, 0.076645,
       0.057284]), array([0.38411 , 0.364715, 0.328643, 0.1937  , 0.181481, 0.087581,
       0.056481]), array([0.384778, 0.363534, 0.316071, 0.224688, 0.185673, 0.18202 ,
       0.066951]), array([0.380799, 0.357524, 0.304281, 0.223716, 0.19505 , 0.179722,
       0.067924]), array([0.381103, 0.364722, 0.304742, 0.221581, 0.194484, 0.178715,
       0.067446]), array([0.38095 , 0.364328, 0.307171, 0.222607, 0.185718, 0.182155,
       0.067734]), array([0.415982, 0.193798, 0.298737, 0.379872, 0.156302, 0.139081,
       0.044369]), array([0.438277, 0.344567, 0.298096, 0.280911, 0.158633, 0.141222,
       0.041667]), array([0.430531, 0.223331, 0.297007, 0.403223, 0.161104, 0.142964,
       0.041667]), array([0.386491, 0.296999, 0.30055 , 0.362104, 0.170925, 0.151447,
       0.041667]), array([0.386885, 0.359731, 0.301339, 0.257735, 0.182908, 0.173723,
       0.048706]), array([0.417335, 0.166377, 0.299267, 0.254705, 0.16125 , 0.143525,
       0.235364]), array([0.382102, 0.267081, 0.302576, 0.341115, 0.175226, 0.162306,
       0.087631]), array([0.38095 , 0.364328, 0.307171, 0.222607, 0.185718, 0.182155,
       0.067734]), array([0.376804, 0.365543, 0.338239, 0.185166, 0.184994, 0.179462,
       0.085605]), array([0.379185, 0.345634, 0.315804, 0.229868, 0.195345, 0.191452,
       0.066442]), array([0.379036, 0.362654, 0.31577 , 0.218591, 0.194082, 0.190257,
       0.066024]), array([0.381584, 0.353705, 0.299745, 0.224145, 0.196022, 0.191998,
       0.067121]), array([0.381909, 0.364485, 0.298182, 0.219602, 0.196002, 0.192135,
       0.066656]), array([0.381874, 0.357948, 0.316288, 0.228561, 0.194788, 0.177038,
       0.067137]), array([0.381627, 0.364848, 0.316281, 0.223712, 0.194048, 0.176428,
       0.067179]), array([0.39354 , 0.357435, 0.363885, 0.187354, 0.187062, 0.136115,
       0.062208]), array([0.379867, 0.364595, 0.305063, 0.218894, 0.186573, 0.184718,
       0.060645]), array([0.384529, 0.365111, 0.297445, 0.20588 , 0.19511 , 0.180546,
       0.059017]), array([0.414029, 0.187783, 0.299866, 0.361305, 0.19375 , 0.14867 ,
       0.031866]), array([0.4495  , 0.230802, 0.298849, 0.355802, 0.19375 , 0.145548,
       0.030096]), array([0.404797, 0.229768, 0.298208, 0.354768, 0.193891, 0.178245,
       0.039833]), array([0.383769, 0.213422, 0.298289, 0.359525, 0.195118, 0.180525,
       0.059254]), array([0.384529, 0.365111, 0.297445, 0.20588 , 0.19511 , 0.180546,
       0.059017]), array([0.38211 , 0.354608, 0.31591 , 0.227685, 0.196443, 0.193208,
       0.052602]), array([0.382164, 0.36472 , 0.315703, 0.220652, 0.196068, 0.192461,
       0.051627]), array([0.382705, 0.359061, 0.301835, 0.222114, 0.196945, 0.193376,
       0.055936]), array([0.382257, 0.364882, 0.301328, 0.21977 , 0.196781, 0.193018,
       0.055548]), array([0.382941, 0.362753, 0.317011, 0.227572, 0.195168, 0.179533,
       0.058716]), array([0.38288 , 0.366583, 0.317408, 0.225189, 0.186396, 0.184189,
       0.060696]), array([0.379225, 0.361654, 0.310659, 0.306976, 0.202031, 0.088333,
       0.073456]), array([0.37819 , 0.362175, 0.326239, 0.307554, 0.183416, 0.086208,
       0.073685]), array([0.378687, 0.363247, 0.318703, 0.314058, 0.19042 , 0.085941,
       0.074037]), array([0.378438, 0.363611, 0.325235, 0.31658 , 0.17952 , 0.085884,
       0.074619]), array([0.379561, 0.36251 , 0.322261, 0.301233, 0.196748, 0.086518,
       0.0737  ]), array([0.376413, 0.358563, 0.31179 , 0.310369, 0.186079, 0.084754,
       0.072849]), array([0.38854 , 0.378135, 0.346441, 0.18661 , 0.184831, 0.101779,
       0.066964]), array([0.399038, 0.377732, 0.347733, 0.194812, 0.185644, 0.102592,
       0.067719]), array([0.451435, 0.375208, 0.326435, 0.199896, 0.199688, 0.101744,
       0.072965]), array([0.474399, 0.375156, 0.304096, 0.199889, 0.199668, 0.102064,
       0.073271]), array([0.433036, 0.37636 , 0.340461, 0.195833, 0.191667, 0.10136 ,
       0.089421]), array([0.424355, 0.380815, 0.254773, 0.195833, 0.191667, 0.191274,
       0.07596 ]), array([0.383681, 0.378036, 0.345947, 0.186759, 0.185276, 0.101483,
       0.061017]), array([0.390326, 0.378135, 0.346441, 0.19375 , 0.185721, 0.101779,
       0.060721]), array([0.401233, 0.377744, 0.347722, 0.196652, 0.193216, 0.102533,
       0.060585]), array([0.381357, 0.377119, 0.316261, 0.208672, 0.19481 , 0.178455,
       0.0673  ]), array([0.380454, 0.376818, 0.300753, 0.204106, 0.196779, 0.192859,
       0.066958]), array([0.380359, 0.376786, 0.315828, 0.197392, 0.195722, 0.191652,
       0.066703]), array([0.379877, 0.376626, 0.307532, 0.208719, 0.195387, 0.181078,
       0.067664]), array([0.37585 , 0.37585 , 0.342515, 0.182852, 0.185551, 0.182357,
       0.084183]), array([0.380684, 0.376895, 0.310819, 0.211846, 0.186357, 0.18407 ,
       0.067224]), array([0.381703, 0.377234, 0.316365, 0.213799, 0.185838, 0.182513,
       0.067053]), array([0.382246, 0.377415, 0.316421, 0.214003, 0.186738, 0.185215,
       0.060977]), array([0.379895, 0.376632, 0.309062, 0.2117  , 0.195081, 0.182741,
       0.060289]), array([0.379348, 0.376449, 0.311171, 0.212617, 0.186786, 0.185358,
       0.061072]), array([0.380225, 0.376742, 0.303586, 0.207259, 0.197362, 0.194293,
       0.057459]), array([0.381603, 0.377201, 0.316518, 0.213634, 0.194911, 0.180476,
       0.059383]), array([0.381279, 0.377093, 0.315621, 0.205022, 0.196604, 0.193514,
       0.053258]), array([0.376063, 0.375354, 0.329504, 0.308671, 0.183671, 0.084042,
       0.072137]), array([0.376063, 0.375354, 0.326023, 0.316425, 0.179399, 0.084042,
       0.072137]), array([0.376063, 0.375354, 0.322752, 0.30508 , 0.194014, 0.084042,
       0.072137]), array([0.376063, 0.375354, 0.317173, 0.314058, 0.190615, 0.084042,
       0.072137]), array([0.376063, 0.375354, 0.311831, 0.310494, 0.199521, 0.084042,
       0.072137])]
L(solution):231 solution is at:160
[1;32mwrt:[0m 19:04:15 [1;32m Total: [0m4:04:12.399540
---> predicted struc:[0.079666 0.194608 0.366034 0.197367 0.382001 0.299974 0.054449]. Given struc: [0.06946 0.19768 0.35458 0.19969 0.37108 0.28228 0.04636]

 intermediate total: [0m4:04:12.412268

[1;31m=====> for h = [0m 9 [1;31m==============================
[0m
[1;34m===> Pair- 1: [0m [1;34mCurrent pair: [0m [0.06946 0.19768 0.35458 0.19969 0.37108 0.28228 0.04636] [1;34mSolving for: [0m [0.37108 0.35458 0.28228 0.19969 0.19768 0.06946 0.04636]
[1;32mstart:[0m 19:04:15 [1;32m--> Polytope contains complete isosurface. Successful Linearization for [1;31mRO = 9[0m

---> nar : [[9, array([0.377964, 0.377964, 0.377964, 0.377964, 0.377964, 0.377964,
       0.377964]), [0.041995, 0.061107], -1.0]]
[1;32miso:[0m 19:04:18 
---> l 9 Normal [0.377964 0.377964 0.377964 0.377964 0.377964 0.377964 0.377964] dist [0.041995, 0.061107]
