Unloading module gnuplot/5.2.4 
Unloading module python/3.12.2 
Loading module python/3.12.2 
slurmstepd: error: *** JOB 8756862 ON fluid024 CANCELLED AT 2024-09-22T09:04:53 DUE TO TIME LIMIT ***

------------------------------
- - - - - job epilog - - - - -
------------------------------
Job ID: 8756862
was running on nodes: fluid024
by user: vallin59
in partition: intel
using account: default
number of CPUs used: 64
number of nodes requested: 1
------------------------------
walltime reqd: 1-00:00:00
walltime used: 1-00:00:04
------------------------------
Sun Sep 22 09:04:54 CEST 2024
------------------------------

