Thu Sep 19 09:32:27 CEST 2024
---> I find noofpair variable to be true. I will create 1 pairs
---> Generated pairs are: 
 [[0.4533  0.15412 0.40543 0.28638 0.49366 0.34516 0.27536 0.1786  0.33977]]
You are using Linux. - I created /bigdata/MD/vallin59/hemera_home/muthu/pypsc/9DPS/pypscresults/MCresult-2024-09-19-093301 folder to save pypsc results.
[0;34m===> Output files will be saved to [1;33m /bigdata/MD/vallin59/hemera_home/muthu/pypsc/9DPS/pypscresults/MCresult-2024-09-19-093301 [0;34m location


[1;31m=====> for h = [0m 2 [1;31m==============================
[0m
[1;34m===> Pair- 1: [0m [1;34mCurrent pair: [0m [0.4533  0.15412 0.40543 0.28638 0.49366 0.34516 0.27536 0.1786  0.33977] [1;34mSolving for: [0m [0.34588 0.3214  0.22464 0.21362 0.16023 0.15484 0.09457 0.0467  0.00634]
[1;32mstart:[0m 09:33:01 [1;32m--> Polytope contains complete isosurface. Successful Linearization for [1;31mRO = 1[0m
[1;32m--> Polytope contains complete isosurface. Successful Linearization for [1;31mRO = 2[0m
[1;32miso:[0m 09:58:43 [1;32mpoly:[0m 09:58:50 [1;32mintersection:[0m 09:58:50 [1;32msort sol:[0m 09:58:50
poly contains coordinates ?: [False  True False]
In try:  inx [1] len(inx) 1 best_inx 1
L(solution):3 solution is at:1
[1;32mwrt:[0m 09:58:58 [1;32m Total: [0m0:25:56.609928
---> predicted struc:[0.44819 0.12    0.41099 0.29143 0.47668 0.36247 0.26874 0.21263 0.32046]. Given struc: [0.4533  0.15412 0.40543 0.28638 0.49366 0.34516 0.27536 0.1786  0.33977]

 intermediate total: [0m0:25:56.627497

[1;31m=====> for h = [0m 3 [1;31m==============================
[0m
[1;34m===> Pair- 1: [0m [1;34mCurrent pair: [0m [0.4533  0.15412 0.40543 0.28638 0.49366 0.34516 0.27536 0.1786  0.33977] [1;34mSolving for: [0m [0.34588 0.3214  0.22464 0.21362 0.16023 0.15484 0.09457 0.0467  0.00634]
[1;32mstart:[0m 09:58:58 [1;32m--> Polytope contains complete isosurface. Successful Linearization for [1;31mRO = 3[0m
[1;32miso:[0m 10:20:46 [1;32mpoly:[0m 10:42:28 [1;32mintersection:[0m 10:42:29 [1;32msort sol:[0m 10:42:29
poly contains coordinates ?: [False False False False False False False  True  True False False False
 False False False False False False False False False False False False
 False False]
In try:  inx [7 8] len(inx) 2 best_inx 8
L(solution):26 solution is at:8
[1;32mwrt:[0m 10:46:36 [1;32m Total: [0m0:47:37.724223
---> predicted struc:[0.44245 0.12826 0.401   0.28574 0.47572 0.3684  0.2634  0.20285 0.34845]. Given struc: [0.4533  0.15412 0.40543 0.28638 0.49366 0.34516 0.27536 0.1786  0.33977]

 intermediate total: [0m0:47:37.752315

[1;31m=====> for h = [0m 4 [1;31m==============================
[0m
[1;34m===> Pair- 1: [0m [1;34mCurrent pair: [0m [0.4533  0.15412 0.40543 0.28638 0.49366 0.34516 0.27536 0.1786  0.33977] [1;34mSolving for: [0m [0.34588 0.3214  0.22464 0.21362 0.16023 0.15484 0.09457 0.0467  0.00634]
[1;32mstart:[0m 10:46:36 [1;32m--> Polytope contains complete isosurface. Successful Linearization for [1;31mRO = 4[0m
[1;32miso:[0m 11:08:32 [1;32mpoly:[0m 11:45:20 [1;32mintersection:[0m 11:45:45 [1;32msort sol:[0m 11:45:45
poly contains coordinates ?: [False False False False False False False False False False False False
 False False False False False False False False False False False False
 False False False False False False False False False False False False
 False False False False False False False False False False False False
 False False False False False]
in except: std [0.08488 0.08256 0.11391 0.10307 0.09878 0.13639 0.06577 0.06577 0.06577
 0.2008  0.12127 0.10833 0.03842 0.0489  0.08333 0.08333 0.08333 0.06145
 0.06001 0.10124 0.08874 0.07329 0.07329 0.11897 0.11325 0.10827 0.10827
 0.07795 0.07795 0.09184 0.10465 0.097   0.097   0.10769 0.10769 0.10306
 0.11375 0.13662 0.09943 0.10907 0.09142 0.09142 0.08671 0.08671 0.11004
 0.10405 0.10695 0.11824 0.12    0.12883 0.14861 0.13447 0.13934] best_inx: 12  ms: [array([0.39228, 0.38076, 0.23493, 0.2125 , 0.18926, 0.176  , 0.09713,
       0.04609, 0.01748]), array([0.35265, 0.27993, 0.23661, 0.20659, 0.11665, 0.10586, 0.0904 ,
       0.05934, 0.0259 ]), array([0.38376, 0.37792, 0.23443, 0.21297, 0.18956, 0.17943, 0.17225,
       0.01932, 0.00644]), array([0.3765 , 0.32005, 0.23906, 0.22341, 0.19822, 0.17952, 0.12726,
       0.12575, 0.00326]), array([0.38277, 0.34955, 0.23355, 0.21013, 0.18804, 0.17857, 0.17187,
       0.03338, 0.01113]), array([0.34083, 0.2575 , 0.2425 , 0.11965, 0.11312, 0.10473, 0.09292,
       0.06123, 0.02631]), array([0.35585, 0.29581, 0.22923, 0.20786, 0.18775, 0.11421, 0.09901,
       0.07005, 0.02966]), array([0.35585, 0.29581, 0.22923, 0.20786, 0.18775, 0.11421, 0.09901,
       0.07005, 0.02966]), array([0.35585, 0.29581, 0.22923, 0.20786, 0.18775, 0.11421, 0.09901,
       0.07005, 0.02966]), array([0.35412, 0.19827, 0.22989, 0.20478, 0.18366, 0.17302, 0.15496,
       0.13876, 0.11582]), array([0.33615, 0.32401, 0.23732, 0.22024, 0.19208, 0.18074, 0.17281,
       0.12782, 0.00282]), array([0.40149, 0.38383, 0.24291, 0.23169, 0.20202, 0.11258, 0.09513,
       0.0615 , 0.02459]), array([0.35485, 0.32728, 0.23339, 0.21168, 0.18884, 0.15134, 0.09837,
       0.05916, 0.02309]), array([0.35465, 0.31676, 0.22498, 0.20605, 0.18876, 0.17558, 0.10265,
       0.06837, 0.02772]), array([0.39853, 0.29756, 0.23567, 0.21395, 0.19062, 0.11364, 0.09758,
       0.06526, 0.02888]), array([0.39853, 0.29756, 0.23567, 0.21395, 0.19062, 0.11364, 0.09758,
       0.06526, 0.02888]), array([0.39853, 0.29756, 0.23567, 0.21395, 0.19062, 0.11364, 0.09758,
       0.06526, 0.02888]), array([0.39053, 0.34082, 0.23849, 0.21908, 0.19094, 0.15066, 0.09813,
       0.05442, 0.01863]), array([0.38818, 0.32109, 0.22966, 0.20697, 0.18752, 0.17517, 0.1026 ,
       0.06341, 0.02186]), array([0.40898, 0.28954, 0.24125, 0.21875, 0.11776, 0.10846, 0.09534,
       0.06826, 0.02938]), array([0.35762, 0.33669, 0.23153, 0.20849, 0.18766, 0.17835, 0.17178,
       0.05272, 0.01757]), array([0.35558, 0.31139, 0.27716, 0.2166 , 0.18907, 0.17516, 0.10487,
       0.07172, 0.02716]), array([0.35558, 0.31139, 0.27716, 0.2166 , 0.18907, 0.17516, 0.10487,
       0.07172, 0.02716]), array([0.39046, 0.26152, 0.25384, 0.15899, 0.11743, 0.10773, 0.09416,
       0.06361, 0.02651]), array([0.34792, 0.26428, 0.25476, 0.15208, 0.11588, 0.10409, 0.08714,
       0.05185, 0.02183]), array([0.37706, 0.30418, 0.26126, 0.22424, 0.19322, 0.17685, 0.12808,
       0.12603, 0.0029 ]), array([0.37706, 0.30418, 0.26126, 0.22424, 0.19322, 0.17685, 0.12808,
       0.12603, 0.0029 ]), array([0.3564 , 0.30201, 0.26653, 0.21387, 0.19069, 0.11372, 0.09756,
       0.06962, 0.03247]), array([0.3564 , 0.30201, 0.26653, 0.21387, 0.19069, 0.11372, 0.09756,
       0.06962, 0.03247]), array([0.35391, 0.30938, 0.28426, 0.21687, 0.18472, 0.17324, 0.14976,
       0.06627, 0.0235 ]), array([0.35153, 0.31934, 0.28826, 0.2119 , 0.1811 , 0.17426, 0.16989,
       0.06453, 0.01416]), array([0.41165, 0.31817, 0.28789, 0.20504, 0.18234, 0.17268, 0.09846,
       0.05366, 0.01765]), array([0.41165, 0.31817, 0.28789, 0.20504, 0.18234, 0.17268, 0.09846,
       0.05366, 0.01765]), array([0.41857, 0.31132, 0.28073, 0.21344, 0.18607, 0.11308, 0.09616,
       0.06288, 0.02608]), array([0.41857, 0.31132, 0.28073, 0.21344, 0.18607, 0.11308, 0.09616,
       0.06288, 0.02608]), array([0.40289, 0.31042, 0.28542, 0.20908, 0.18086, 0.17187, 0.1466 ,
       0.05384, 0.01435]), array([0.38392, 0.32329, 0.29442, 0.20985, 0.17976, 0.17357, 0.1696 ,
       0.03168, 0.01056]), array([0.34083, 0.26125, 0.25375, 0.11965, 0.11312, 0.10473, 0.09292,
       0.06123, 0.02631]), array([0.35528, 0.3092 , 0.28349, 0.26251, 0.17814, 0.17031, 0.14998,
       0.05539, 0.01586]), array([0.35237, 0.30924, 0.28248, 0.26226, 0.1728 , 0.16945, 0.16778,
       0.06128, 0.0135 ]), array([0.38795, 0.30409, 0.2767 , 0.2601 , 0.18302, 0.17212, 0.10684,
       0.0632 , 0.01968]), array([0.38795, 0.30409, 0.2767 , 0.2601 , 0.18302, 0.17212, 0.10684,
       0.0632 , 0.01968]), array([0.35519, 0.30135, 0.27244, 0.25854, 0.18717, 0.1735 , 0.10937,
       0.07738, 0.02855]), array([0.35519, 0.30135, 0.27244, 0.25854, 0.18717, 0.1735 , 0.10937,
       0.07738, 0.02855]), array([0.3998 , 0.30111, 0.27436, 0.25926, 0.19365, 0.1162 , 0.10402,
       0.07641, 0.0319 ]), array([0.35573, 0.29544, 0.26919, 0.25739, 0.20013, 0.11788, 0.1081 ,
       0.08863, 0.04178]), array([0.38241, 0.30993, 0.28678, 0.26369, 0.17602, 0.16963, 0.14994,
       0.0385 , 0.00815]), array([0.37819, 0.31419, 0.28969, 0.26485, 0.17195, 0.16907, 0.16763,
       0.02821, 0.0094 ]), array([0.35315, 0.28507, 0.25976, 0.25384, 0.17691, 0.16992, 0.1478 ,
       0.12924, 0.01121]), array([0.33597, 0.29624, 0.26679, 0.2567 , 0.17181, 0.169  , 0.1676 ,
       0.12764, 0.00264]), array([0.34881, 0.27702, 0.26405, 0.25756, 0.25324, 0.13079, 0.12763,
       0.12605, 0.0081 ]), array([0.37948, 0.28051, 0.26586, 0.25854, 0.25366, 0.12948, 0.10993,
       0.08539, 0.02776]), array([0.35518, 0.28077, 0.266  , 0.25862, 0.25369, 0.11882, 0.11041,
       0.0971 , 0.03981])]
L(solution):53 solution is at:12
[1;32mwrt:[0m 12:06:06 [1;32m Total: [0m1:19:30.841761
---> predicted struc:[0.44084 0.14515 0.40163 0.28832 0.47691 0.34866 0.26661 0.17272 0.31116]. Given struc: [0.4533  0.15412 0.40543 0.28638 0.49366 0.34516 0.27536 0.1786  0.33977]

 intermediate total: [0m1:19:30.864527

[1;31m=====> for h = [0m 5 [1;31m==============================
[0m
[1;34m===> Pair- 1: [0m [1;34mCurrent pair: [0m [0.4533  0.15412 0.40543 0.28638 0.49366 0.34516 0.27536 0.1786  0.33977] [1;34mSolving for: [0m [0.34588 0.3214  0.22464 0.21362 0.16023 0.15484 0.09457 0.0467  0.00634]
[1;32mstart:[0m 12:06:06 [1;32m--> Polytope contains complete isosurface. Successful Linearization for [1;31mRO = 5[0m
[1;32miso:[0m 12:25:06 