Unloading module gnuplot/5.2.4 
Unloading module python/3.12.2 
Loading module python/3.12.2 
slurmstepd: error: *** JOB 8748954 ON fluid035 CANCELLED AT 2024-09-19T19:43:55 ***

------------------------------
- - - - - job epilog - - - - -
------------------------------
Job ID: 8748954
was running on nodes: fluid035
by user: vallin59
in partition: intel
using account: default
number of CPUs used: 64
number of nodes requested: 1
------------------------------
walltime reqd: 1-00:00:00
walltime used: 10:11:29
------------------------------
Thu Sep 19 19:43:56 CEST 2024
------------------------------

