Sat Sep 21 09:05:34 CEST 2024
---> I find noofpair variable to be true. I will create 1 pairs
---> Generated pairs are: 
 [[0.4282  0.18968 0.40193 0.05286 0.23896 0.03652 0.38403 0.22173]]
You are using Linux. - I created /bigdata/MD/vallin59/hemera_home/muthu/pypsc/8DPS/pypscresults/MCresult-2024-09-21-090536 folder to save pypsc results.
[0;34m===> Output files will be saved to [1;33m /bigdata/MD/vallin59/hemera_home/muthu/pypsc/8DPS/pypscresults/MCresult-2024-09-21-090536 [0;34m location


[1;31m=====> for h = [0m 2 [1;31m==============================
[0m
[1;34m===> Pair- 1: [0m [1;34mCurrent pair: [0m [0.4282  0.18968 0.40193 0.05286 0.23896 0.03652 0.38403 0.22173] [1;34mSolving for: [0m [0.4282  0.40193 0.38403 0.23896 0.22173 0.18968 0.05286 0.03652]
[1;32mstart:[0m 09:05:37 [1;32m--> Polytope contains complete isosurface. Successful Linearization for [1;31mRO = 1[0m
[1;32m--> Polytope contains complete isosurface. Successful Linearization for [1;31mRO = 2[0m

---> nar : [[1, array([0.353553, 0.353553, 0.353553, 0.353553, 0.353553, 0.353553,
       0.353553, 0.353553]), [0.620063, 0.782977], 1.0], [2, array([0.353553, 0.353553, 0.353553, 0.353553, 0.353553, 0.353553,
       0.353553, 0.353553]), [0.309225, 0.390754], 1.0]]
[1;32miso:[0m 09:10:13 [1;32mpoly:[0m 09:14:29 [1;32mintersection:[0m 09:14:29 [1;32msort sol:[0m 09:14:29
poly contains coordinates ?: [False  True False False False]
In try:  inx [1] len(inx) 1 best_inx 1
L(solution):5 solution is at:1
[1;32mwrt:[0m 09:14:39 [1;32m Total: [0m0:09:02.153035
---> predicted struc:[0.470913 0.156793 0.423437 0.094292 0.228084 0.039687 0.333907 0.199392]. Given struc: [0.4282  0.18968 0.40193 0.05286 0.23896 0.03652 0.38403 0.22173]

 intermediate total: [0m0:09:02.230905

[1;31m=====> for h = [0m 3 [1;31m==============================
[0m
[1;34m===> Pair- 1: [0m [1;34mCurrent pair: [0m [0.4282  0.18968 0.40193 0.05286 0.23896 0.03652 0.38403 0.22173] [1;34mSolving for: [0m [0.4282  0.40193 0.38403 0.23896 0.22173 0.18968 0.05286 0.03652]
[1;32mstart:[0m 09:14:39 [1;32m--> Polytope contains complete isosurface. Successful Linearization for [1;31mRO = 3[0m

---> nar : [[3, array([0.353553, 0.353553, 0.353553, 0.353553, 0.353553, 0.353553,
       0.353553, 0.353553]), [0.200387, 0.254663], 1.0]]
[1;32miso:[0m 09:17:06 
---> l 3 Normal [0.353553 0.353553 0.353553 0.353553 0.353553 0.353553 0.353553 0.353553] dist [0.200387, 0.254663]
[1;32mpoly:[0m 09:22:06 [1;32mintersection:[0m 09:22:09 [1;32msort sol:[0m 09:22:09
poly contains coordinates ?: [False False False False False False False False False False False False
 False False False False False False False False False False False False
 False False False False False False False]
in except: std [0.157779 0.157779 0.116636 0.116636 0.132601 0.132601 0.153036 0.144747
 0.163519 0.090695 0.119739 0.14789  0.14789  0.113959 0.134092 0.121629
 0.150489 0.136454 0.136454 0.094148 0.109598 0.149473 0.156284 0.157416
 0.157416 0.172783 0.172783 0.195744 0.195744 0.171299 0.171299] best_inx: 9  ms: [array([0.471291, 0.323675, 0.307819, 0.280185, 0.153505, 0.135241,
       0.095139, 0.037045]), array([0.471291, 0.323675, 0.307819, 0.280185, 0.153505, 0.135241,
       0.095139, 0.037045]), array([0.44181 , 0.374449, 0.349207, 0.282714, 0.152372, 0.132361,
       0.090793, 0.03774 ]), array([0.44181 , 0.374449, 0.349207, 0.282714, 0.152372, 0.132361,
       0.090793, 0.03774 ]), array([0.45458 , 0.377474, 0.310428, 0.277884, 0.151757, 0.130811,
       0.084274, 0.033711]), array([0.45458 , 0.377474, 0.310428, 0.277884, 0.151757, 0.130811,
       0.084274, 0.033711]), array([0.439338, 0.375362, 0.355143, 0.342553, 0.155473, 0.140108,
       0.115078, 0.054001]), array([0.450544, 0.318467, 0.297325, 0.274934, 0.225924, 0.147753,
       0.1038  , 0.053955]), array([0.493703, 0.319251, 0.296347, 0.284501, 0.271538, 0.138911,
       0.080989, 0.036922]), array([0.46023 , 0.406988, 0.359041, 0.289272, 0.230509, 0.138996,
       0.089904, 0.036927]), array([0.470091, 0.415681, 0.361457, 0.303155, 0.272187, 0.147114,
       0.110451, 0.045922]), array([0.461805, 0.406099, 0.364086, 0.346228, 0.272419, 0.148087,
       0.118191, 0.052429]), array([0.461805, 0.406099, 0.364086, 0.346228, 0.272419, 0.148087,
       0.118191, 0.052429]), array([0.458215, 0.401614, 0.303948, 0.277411, 0.228477, 0.13291 ,
       0.083285, 0.036307]), array([0.478521, 0.412806, 0.305809, 0.290304, 0.270758, 0.137333,
       0.090666, 0.038008]), array([0.456988, 0.4002  , 0.306879, 0.285371, 0.264558, 0.203245,
       0.112372, 0.053719]), array([0.488736, 0.466209, 0.304018, 0.277139, 0.263844, 0.255814,
       0.080211, 0.026737]), array([0.463987, 0.405958, 0.363085, 0.345804, 0.26692 , 0.186673,
       0.111317, 0.03678 ]), array([0.463987, 0.405958, 0.363085, 0.345804, 0.26692 , 0.186673,
       0.111317, 0.03678 ]), array([0.465164, 0.420919, 0.368257, 0.292871, 0.264287, 0.207722,
       0.095519, 0.041568]), array([0.479207, 0.445587, 0.380422, 0.275646, 0.261657, 0.254663,
       0.060997, 0.020332]), array([0.434615, 0.3132  , 0.291825, 0.269539, 0.23485 , 0.197525,
       0.116534, 0.063037]), array([0.494857, 0.320518, 0.299906, 0.289473, 0.2737  , 0.17131 ,
       0.076953, 0.02621 ]), array([0.467499, 0.395594, 0.35684 , 0.309275, 0.269986, 0.189273,
       0.174202, 0.015095]), array([0.467499, 0.395594, 0.35684 , 0.309275, 0.269986, 0.189273,
       0.174202, 0.015095]), array([0.456882, 0.381167, 0.357984, 0.343727, 0.265286, 0.188402,
       0.173912, 0.016681]), array([0.456882, 0.381167, 0.357984, 0.343727, 0.265286, 0.188402,
       0.173912, 0.016681]), array([0.495929, 0.330768, 0.327318, 0.322009, 0.290162, 0.172773,
       0.168702, 0.023763]), array([0.495929, 0.330768, 0.327318, 0.322009, 0.290162, 0.172773,
       0.168702, 0.023763]), array([0.479732, 0.400646, 0.325037, 0.31153 , 0.276306, 0.18696 ,
       0.173431, 0.016115]), array([0.479732, 0.400646, 0.325037, 0.31153 , 0.276306, 0.18696 ,
       0.173431, 0.016115])]
L(solution):31 solution is at:9
[1;32mwrt:[0m 09:24:44 [1;32m Total: [0m0:10:05.254716
---> predicted struc:[0.46023  0.138996 0.406988 0.089904 0.289272 0.036927 0.359041 0.230509]. Given struc: [0.4282  0.18968 0.40193 0.05286 0.23896 0.03652 0.38403 0.22173]

 intermediate total: [0m0:10:05.268113

[1;31m=====> for h = [0m 4 [1;31m==============================
[0m
[1;34m===> Pair- 1: [0m [1;34mCurrent pair: [0m [0.4282  0.18968 0.40193 0.05286 0.23896 0.03652 0.38403 0.22173] [1;34mSolving for: [0m [0.4282  0.40193 0.38403 0.23896 0.22173 0.18968 0.05286 0.03652]
[1;32mstart:[0m 09:24:44 [1;32m--> Polytope contains complete isosurface. Successful Linearization for [1;31mRO = 4[0m

---> nar : [[4, array([0.353553, 0.353553, 0.353553, 0.353553, 0.353553, 0.353553,
       0.353553, 0.353553]), [0.145181, 0.185393], 1.0]]
[1;32miso:[0m 09:27:07 
---> l 4 Normal [0.353553 0.353553 0.353553 0.353553 0.353553 0.353553 0.353553 0.353553] dist [0.145181, 0.185393]
[1;32mpoly:[0m 11:31:58 [1;32mintersection:[0m 11:32:18 [1;32msort sol:[0m 11:32:18
poly contains coordinates ?: [False False False False False False False False False False False False
 False False False False False False False False False False False False
 False False False False False False False False False False False False
 False False False False False False False False False False False False
 False False False False False False False False False False False False
 False False False False False False False False False False False]
in except: std [0.178114 0.178114 0.197071 0.197071 0.148737 0.187841 0.205252 0.205252
 0.187353 0.202852 0.316678 0.210474 0.18866  0.197074 0.342872 0.222457
 0.231738 0.231738 0.22506  0.226446 0.184342 0.149459 0.149484 0.12113
 0.180685 0.180685 0.111994 0.139747 0.185457 0.155799 0.155799 0.18909
 0.18909  0.197533 0.203471 0.186108 0.194742 0.189014 0.184055 0.142802
 0.12011  0.129004 0.098091 0.106269 0.137401 0.137401 0.137401 0.115402
 0.130327 0.156612 0.156612 0.156612 0.156612 0.133389 0.133389 0.187156
 0.171334 0.097724 0.110558 0.106916 0.096893 0.096893 0.071606 0.071606
 0.126843 0.130521 0.146366 0.146366 0.146366 0.146366 0.155508] best_inx: 62  ms: [array([0.363735, 0.352344, 0.259011, 0.253004, 0.246359, 0.117691,
       0.106666, 0.060997]), array([0.363735, 0.352344, 0.259011, 0.253004, 0.246359, 0.117691,
       0.106666, 0.060997]), array([0.339747, 0.302339, 0.268646, 0.259725, 0.254119, 0.184099,
       0.117356, 0.082455]), array([0.339747, 0.302339, 0.268646, 0.259725, 0.254119, 0.184099,
       0.117356, 0.082455]), array([0.315929, 0.38932 , 0.298324, 0.266971, 0.235238, 0.180681,
       0.082877, 0.044519]), array([0.335375, 0.308341, 0.276371, 0.26003 , 0.225159, 0.18737 ,
       0.117192, 0.077976]), array([0.363503, 0.305385, 0.267625, 0.260418, 0.255915, 0.252612,
       0.119252, 0.107755]), array([0.363503, 0.305385, 0.267625, 0.260418, 0.255915, 0.252612,
       0.119252, 0.107755]), array([0.314314, 0.357912, 0.290464, 0.271279, 0.259041, 0.201375,
       0.142821, 0.064314]), array([0.336819, 0.307085, 0.276983, 0.262823, 0.255366, 0.186674,
       0.142882, 0.086819]), array([0.153383, 0.430183, 0.366523, 0.310705, 0.283278, 0.264472,
       0.145833, 0.05848 ]), array([0.361701, 0.310069, 0.279886, 0.264499, 0.258128, 0.253568,
       0.147103, 0.111701]), array([0.30019 , 0.36964 , 0.296202, 0.270547, 0.219103, 0.184981,
       0.148965, 0.05019 ]), array([0.327305, 0.313521, 0.284647, 0.262328, 0.218293, 0.184742,
       0.146239, 0.077305]), array([0.139819, 0.415695, 0.359098, 0.304532, 0.280206, 0.263191,
       0.152778, 0.138889]), array([0.356351, 0.314186, 0.289674, 0.269046, 0.260505, 0.25458 ,
       0.154324, 0.140476]), array([0.301755, 0.315257, 0.287468, 0.264193, 0.220795, 0.191609,
       0.152004, 0.138535]), array([0.301755, 0.315257, 0.287468, 0.264193, 0.220795, 0.191609,
       0.152004, 0.138535]), array([0.306713, 0.338901, 0.283567, 0.267866, 0.257625, 0.202411,
       0.149422, 0.1376  ]), array([0.321429, 0.311471, 0.286159, 0.266963, 0.256978, 0.197167,
       0.15098 , 0.138529]), array([0.496572, 0.353388, 0.300574, 0.265252, 0.116726, 0.105378,
       0.086935, 0.035836]), array([0.455625, 0.334498, 0.289507, 0.262516, 0.212629, 0.114111,
       0.092894, 0.048896]), array([0.453555, 0.354843, 0.284237, 0.262104, 0.254645, 0.114836,
       0.098956, 0.049982]), array([0.441661, 0.3543  , 0.325023, 0.306664, 0.281674, 0.201068,
       0.063051, 0.018351]), array([0.455398, 0.318627, 0.299195, 0.281996, 0.2672  , 0.257418,
       0.118857, 0.106572]), array([0.455398, 0.318627, 0.299195, 0.281996, 0.2672  , 0.257418,
       0.118857, 0.106572]), array([0.449477, 0.344035, 0.308412, 0.281197, 0.209081, 0.163964,
       0.073059, 0.033938]), array([0.430524, 0.317743, 0.295276, 0.27331 , 0.218823, 0.18879 ,
       0.107439, 0.056295]), array([0.493348, 0.354167, 0.327087, 0.317406, 0.285784, 0.17992 ,
       0.171085, 0.019282]), array([0.427901, 0.319966, 0.29957 , 0.277301, 0.223147, 0.195869,
       0.144612, 0.05872 ]), array([0.427901, 0.319966, 0.29957 , 0.277301, 0.223147, 0.195869,
       0.144612, 0.05872 ]), array([0.447133, 0.319651, 0.302178, 0.282722, 0.267614, 0.257601,
       0.144258, 0.106802]), array([0.447133, 0.319651, 0.302178, 0.282722, 0.267614, 0.257601,
       0.144258, 0.106802]), array([0.433611, 0.338897, 0.295822, 0.276469, 0.264895, 0.256546,
       0.149847, 0.136962]), array([0.433037, 0.319805, 0.302736, 0.281404, 0.266969, 0.257334,
       0.15013 , 0.137204]), array([0.45575 , 0.345061, 0.302058, 0.276433, 0.260319, 0.2183  ,
       0.152909, 0.137522]), array([0.438263, 0.321748, 0.305721, 0.285281, 0.264062, 0.225578,
       0.152061, 0.137489]), array([0.433366, 0.323884, 0.307674, 0.284898, 0.242372, 0.227116,
       0.151487, 0.137084]), array([0.480536, 0.415499, 0.279147, 0.259716, 0.116031, 0.103715,
       0.083628, 0.032947]), array([0.468733, 0.429713, 0.306315, 0.28724 , 0.264706, 0.113198,
       0.094596, 0.049505]), array([0.462304, 0.418279, 0.326088, 0.283284, 0.217403, 0.104897,
       0.074306, 0.033813]), array([0.464418, 0.412031, 0.305211, 0.276015, 0.207062, 0.107762,
       0.079456, 0.033432]), array([0.466051, 0.42072 , 0.330928, 0.288903, 0.217171, 0.146175,
       0.075535, 0.026811]), array([0.459586, 0.410287, 0.30886 , 0.281544, 0.208993, 0.144778,
       0.074162, 0.024607]), array([0.483109, 0.438353, 0.323743, 0.307384, 0.275308, 0.181574,
       0.106553, 0.056564]), array([0.483109, 0.438353, 0.323743, 0.307384, 0.275308, 0.181574,
       0.106553, 0.056564]), array([0.483109, 0.438353, 0.323743, 0.307384, 0.275308, 0.181574,
       0.106553, 0.056564]), array([0.466679, 0.399337, 0.356812, 0.277101, 0.262319, 0.254927,
       0.110235, 0.057449]), array([0.451402, 0.393608, 0.355815, 0.27573 , 0.261695, 0.254678,
       0.143743, 0.048667]), array([0.475225, 0.402691, 0.353156, 0.306688, 0.266895, 0.185077,
       0.172803, 0.018425]), array([0.475225, 0.402691, 0.353156, 0.306688, 0.266895, 0.185077,
       0.172803, 0.018425]), array([0.475225, 0.402691, 0.353156, 0.306688, 0.266895, 0.185077,
       0.172803, 0.018425]), array([0.475225, 0.402691, 0.353156, 0.306688, 0.266895, 0.185077,
       0.172803, 0.018425]), array([0.455443, 0.415046, 0.31095 , 0.289401, 0.231915, 0.15066 ,
       0.13649 , 0.017203]), array([0.455443, 0.415046, 0.31095 , 0.289401, 0.231915, 0.15066 ,
       0.13649 , 0.017203]), array([0.428273, 0.385734, 0.291419, 0.271538, 0.261597, 0.25497 ,
       0.148653, 0.137011]), array([0.435589, 0.386491, 0.307151, 0.271414, 0.258324, 0.234235,
       0.14724 , 0.135851]), array([0.460471, 0.411273, 0.388873, 0.264686, 0.226803, 0.104291,
       0.069807, 0.025046]), array([0.471904, 0.420319, 0.392168, 0.273142, 0.257714, 0.108304,
       0.080969, 0.030763]), array([0.458668, 0.401586, 0.385348, 0.279277, 0.263308, 0.255323,
       0.106118, 0.03763 ]), array([0.468325, 0.417551, 0.39114 , 0.300483, 0.266337, 0.196337,
       0.092998, 0.029205]), array([0.468325, 0.417551, 0.39114 , 0.300483, 0.266337, 0.196337,
       0.092998, 0.029205]), array([0.45891 , 0.411317, 0.388853, 0.284002, 0.221558, 0.14906 ,
       0.063354, 0.019667]), array([0.45891 , 0.411317, 0.388853, 0.284002, 0.221558, 0.14906 ,
       0.063354, 0.019667]), array([0.444285, 0.396515, 0.383468, 0.278218, 0.262826, 0.255131,
       0.142942, 0.023399]), array([0.472078, 0.424881, 0.393785, 0.31006 , 0.242181, 0.153048,
       0.136873, 0.011719]), array([0.454199, 0.408779, 0.388028, 0.342265, 0.259195, 0.20397 ,
       0.139242, 0.005817]), array([0.454199, 0.408779, 0.388028, 0.342265, 0.259195, 0.20397 ,
       0.139242, 0.005817]), array([0.454199, 0.408779, 0.388028, 0.342265, 0.259195, 0.20397 ,
       0.139242, 0.005817]), array([0.454199, 0.408779, 0.388028, 0.342265, 0.259195, 0.20397 ,
       0.139242, 0.005817]), array([0.464636, 0.408365, 0.392302, 0.382312, 0.25526 , 0.217056,
       0.058164, 0.019388])]
L(solution):71 solution is at:62
[1;32mwrt:[0m 11:44:22 [1;32m Total: [0m2:19:37.928173
---> predicted struc:[0.45891  0.14906  0.411317 0.063354 0.284002 0.019667 0.388853 0.221558]. Given struc: [0.4282  0.18968 0.40193 0.05286 0.23896 0.03652 0.38403 0.22173]

 intermediate total: [0m2:19:37.940818

[1;31m=====> for h = [0m 5 [1;31m==============================
[0m
[1;34m===> Pair- 1: [0m [1;34mCurrent pair: [0m [0.4282  0.18968 0.40193 0.05286 0.23896 0.03652 0.38403 0.22173] [1;34mSolving for: [0m [0.4282  0.40193 0.38403 0.23896 0.22173 0.18968 0.05286 0.03652]
[1;32mstart:[0m 11:44:22 [1;32m--> Polytope contains complete isosurface. Successful Linearization for [1;31mRO = 5[0m

---> nar : [[5, array([0.353553, 0.353553, 0.353553, 0.353553, 0.353553, 0.353553,
       0.353553, 0.353553]), [0.048564, 0.08218], 1.0]]
[1;32miso:[0m 11:44:29 
---> l 5 Normal [0.353553 0.353553 0.353553 0.353553 0.353553 0.353553 0.353553 0.353553] dist [0.048564, 0.08218]
[1;32mpoly:[0m 14:10:35 [1;32mintersection:[0m 14:11:10 [1;32msort sol:[0m 14:11:10
poly contains coordinates ?: [False False False False False False False False False False False False
 False False False False False False False False False False False False
 False False False False False False False False False False False False
 False False False False False False False False False False False False
 False False False False False False False False False False False False
 False False False False False False False False False False False False
 False False False False False False False False False False False False
 False False False False False False False False False False False False
 False False False False False False False False False False False False
 False False False False False False False False False False False False
 False False False False False False False False False False]
in except: std [0.117787 0.117787 0.117181 0.117181 0.117232 0.117101 0.121305 0.121305
 0.117325 0.120272 0.117552 0.160045 0.167804 0.158637 0.163492 0.154355
 0.158891 0.154683 0.165439 0.160351 0.121894 0.121894 0.113332 0.113332
 0.119528 0.119528 0.118372 0.118372 0.11689  0.113403 0.113403 0.112909
 0.112909 0.087874 0.087874 0.087874 0.056011 0.056011 0.056011 0.056011
 0.089457 0.089457 0.089457 0.080467 0.080467 0.080467 0.080467 0.080467
 0.059546 0.047221 0.063254 0.04773  0.079081 0.079081 0.079081 0.079081
 0.079081 0.053492 0.078582 0.078582 0.078582 0.078582 0.078582 0.084056
 0.132578 0.132578 0.113448 0.113448 0.072978 0.132524 0.132524 0.111267
 0.111267 0.130796 0.130796 0.111536 0.111536 0.132533 0.132533 0.075416
 0.07236  0.142367 0.118651 0.160837 0.160837 0.124766 0.15753  0.08529
 0.08529  0.08529  0.08529  0.125511 0.305703 0.158282 0.159406 0.159406
 0.160626 0.170413 0.084111 0.159611 0.171564 0.12262  0.169179 0.085474
 0.085474 0.085474 0.085474 0.085069 0.085069 0.085069 0.165877 0.165877
 0.169358 0.169358 0.169197 0.169197 0.166845 0.166845 0.1663   0.1663
 0.180301 0.180412 0.139837 0.159664 0.171311 0.171311 0.17082  0.170962
 0.170646 0.170627] best_inx: 49  ms: [array([0.398062, 0.38934 , 0.2813  , 0.263995, 0.198085, 0.188178,
       0.034296, 0.009672]), array([0.398062, 0.38934 , 0.2813  , 0.263995, 0.198085, 0.188178,
       0.034296, 0.009672]), array([0.396735, 0.38709 , 0.281056, 0.264844, 0.20381 , 0.187937,
       0.037792, 0.010134]), array([0.396735, 0.38709 , 0.281056, 0.264844, 0.20381 , 0.187937,
       0.037792, 0.010134]), array([0.404853, 0.398803, 0.282356, 0.263734, 0.198803, 0.16547 ,
       0.031635, 0.010545]), array([0.403136, 0.398504, 0.282238, 0.26338 , 0.203136, 0.165171,
       0.030926, 0.010309]), array([0.395645, 0.372976, 0.280767, 0.265499, 0.203036, 0.201012,
       0.037507, 0.009399]), array([0.395645, 0.372976, 0.280767, 0.265499, 0.203036, 0.201012,
       0.037507, 0.009399]), array([0.403341, 0.401114, 0.282203, 0.263277, 0.202227, 0.164672,
       0.030721, 0.01024 ]), array([0.401673, 0.373327, 0.280147, 0.266904, 0.202509, 0.200836,
       0.041487, 0.009175]), array([0.404703, 0.401568, 0.282238, 0.26338 , 0.198504, 0.165171,
       0.030926, 0.010309]), array([0.401971, 0.390464, 0.27535 , 0.254497, 0.198029, 0.162473,
       0.154085, 0.001971]), array([0.387701, 0.387701, 0.262791, 0.253316, 0.224638, 0.20769 ,
       0.153504, 0.005722]), array([0.390981, 0.372943, 0.253086, 0.251029, 0.203086, 0.201029,
       0.115981, 0.002057]), array([0.397591, 0.392774, 0.265883, 0.252582, 0.210367, 0.163915,
       0.151235, 0.003446]), array([0.402493, 0.372507, 0.253739, 0.251246, 0.203739, 0.201246,
       0.1125  , 0.002493]), array([0.402956, 0.400985, 0.274669, 0.25427 , 0.211351, 0.1627  ,
       0.154766, 0.001971]), array([0.402378, 0.400793, 0.281143, 0.25534 , 0.198414, 0.16184 ,
       0.152186, 0.001586]), array([0.402624, 0.389642, 0.267844, 0.253255, 0.212809, 0.163589,
       0.157433, 0.00238 ]), array([0.397183, 0.39155 , 0.270817, 0.25307 , 0.197464, 0.163326,
       0.148715, 0.002536]), array([0.399106, 0.397764, 0.395081, 0.251278, 0.184002, 0.080468,
       0.047809, 0.017968]), array([0.399106, 0.397764, 0.395081, 0.251278, 0.184002, 0.080468,
       0.047809, 0.017968]), array([0.399326, 0.398315, 0.396294, 0.252021, 0.203028, 0.084431,
       0.058908, 0.021931]), array([0.399326, 0.398315, 0.396294, 0.252021, 0.203028, 0.084431,
       0.058908, 0.021931]), array([0.404918, 0.397847, 0.39354 , 0.252177, 0.186721, 0.080679,
       0.0484  , 0.018179]), array([0.404918, 0.397847, 0.39354 , 0.252177, 0.186721, 0.080679,
       0.0484  , 0.018179]), array([0.404919, 0.40164 , 0.393375, 0.253346, 0.189104, 0.081138,
       0.049687, 0.018638]), array([0.404919, 0.40164 , 0.393375, 0.253346, 0.189104, 0.081138,
       0.049687, 0.018638]), array([0.40479 , 0.402177, 0.400871, 0.256286, 0.194403, 0.082404,
       0.05323 , 0.019904]), array([0.40777 , 0.40259 , 0.396295, 0.253705, 0.202525, 0.082728,
       0.05414 , 0.020228]), array([0.40777 , 0.40259 , 0.396295, 0.253705, 0.202525, 0.082728,
       0.05414 , 0.020228]), array([0.407863, 0.398585, 0.395756, 0.252829, 0.202423, 0.083087,
       0.055145, 0.020587]), array([0.407863, 0.398585, 0.395756, 0.252829, 0.202423, 0.083087,
       0.055145, 0.020587]), array([0.415704, 0.405235, 0.38588 , 0.254137, 0.191628, 0.120824,
       0.023645, 0.007882]), array([0.415704, 0.405235, 0.38588 , 0.254137, 0.191628, 0.120824,
       0.023645, 0.007882]), array([0.415704, 0.405235, 0.38588 , 0.254137, 0.191628, 0.120824,
       0.023645, 0.007882]), array([0.396085, 0.391671, 0.382915, 0.267343, 0.220305, 0.204045,
       0.079617, 0.020105]), array([0.396085, 0.391671, 0.382915, 0.267343, 0.220305, 0.204045,
       0.079617, 0.020105]), array([0.396085, 0.391671, 0.382915, 0.267343, 0.220305, 0.204045,
       0.079617, 0.020105]), array([0.396085, 0.391671, 0.382915, 0.267343, 0.220305, 0.204045,
       0.079617, 0.020105]), array([0.419495, 0.395154, 0.386034, 0.252848, 0.188354, 0.122083,
       0.019656, 0.006552]), array([0.419495, 0.395154, 0.386034, 0.252848, 0.188354, 0.122083,
       0.019656, 0.006552]), array([0.419495, 0.395154, 0.386034, 0.252848, 0.188354, 0.122083,
       0.019656, 0.006552]), array([0.418063, 0.406021, 0.389394, 0.303473, 0.205158, 0.163194,
       0.030594, 0.010198]), array([0.418063, 0.406021, 0.389394, 0.303473, 0.205158, 0.163194,
       0.030594, 0.010198]), array([0.418063, 0.406021, 0.389394, 0.303473, 0.205158, 0.163194,
       0.030594, 0.010198]), array([0.418063, 0.406021, 0.389394, 0.303473, 0.205158, 0.163194,
       0.030594, 0.010198]), array([0.418063, 0.406021, 0.389394, 0.303473, 0.205158, 0.163194,
       0.030594, 0.010198]), array([0.41915 , 0.408704, 0.403482, 0.264493, 0.213084, 0.15276 ,
       0.036475, 0.010419]), array([0.412402, 0.404134, 0.3875  , 0.255913, 0.251971, 0.203942,
       0.066798, 0.017449]), array([0.420785, 0.409448, 0.403779, 0.262508, 0.190199, 0.155919,
       0.040231, 0.010994]), array([0.412315, 0.397989, 0.386135, 0.255063, 0.251688, 0.203375,
       0.070364, 0.017674]), array([0.421439, 0.398286, 0.390173, 0.302853, 0.20607 , 0.163814,
       0.031049, 0.01035 ]), array([0.421439, 0.398286, 0.390173, 0.302853, 0.20607 , 0.163814,
       0.031049, 0.01035 ]), array([0.421439, 0.398286, 0.390173, 0.302853, 0.20607 , 0.163814,
       0.031049, 0.01035 ]), array([0.421439, 0.398286, 0.390173, 0.302853, 0.20607 , 0.163814,
       0.031049, 0.01035 ]), array([0.421439, 0.398286, 0.390173, 0.302853, 0.20607 , 0.163814,
       0.031049, 0.01035 ]), array([0.410148, 0.404613, 0.401845, 0.259417, 0.253139, 0.206278,
       0.066884, 0.01825 ]), array([0.399819, 0.399548, 0.399006, 0.300542, 0.214788, 0.166124,
       0.039023, 0.013008]), array([0.399819, 0.399548, 0.399006, 0.300542, 0.214788, 0.166124,
       0.039023, 0.013008]), array([0.399819, 0.399548, 0.399006, 0.300542, 0.214788, 0.166124,
       0.039023, 0.013008]), array([0.399819, 0.399548, 0.399006, 0.300542, 0.214788, 0.166124,
       0.039023, 0.013008]), array([0.399819, 0.399548, 0.399006, 0.300542, 0.214788, 0.166124,
       0.039023, 0.013008]), array([0.397675, 0.392515, 0.385254, 0.257192, 0.178643, 0.157528,
       0.011103, 0.003701]), array([0.398824, 0.396872, 0.387791, 0.255775, 0.252625, 0.25105 ,
       0.155608, 0.00315 ]), array([0.398824, 0.396872, 0.387791, 0.255775, 0.252625, 0.25105 ,
       0.155608, 0.00315 ]), array([0.414159, 0.394949, 0.389056, 0.262638, 0.238397, 0.163969,
       0.153785, 0.006287]), array([0.414159, 0.394949, 0.389056, 0.262638, 0.238397, 0.163969,
       0.153785, 0.006287]), array([0.423788, 0.407929, 0.397082, 0.252918, 0.1972  , 0.163749,
       0.1028  , 0.0028  ]), array([0.403717, 0.401239, 0.389203, 0.258311, 0.253778, 0.251511,
       0.156244, 0.004533]), array([0.403717, 0.401239, 0.389203, 0.258311, 0.253778, 0.251511,
       0.156244, 0.004533]), array([0.411606, 0.405276, 0.40211 , 0.268914, 0.237553, 0.161949,
       0.147604, 0.00696 ]), array([0.411606, 0.405276, 0.40211 , 0.268914, 0.237553, 0.161949,
       0.147604, 0.00696 ]), array([0.40355 , 0.401613, 0.400645, 0.26137 , 0.255168, 0.252067,
       0.151815, 0.006202]), array([0.40355 , 0.401613, 0.400645, 0.26137 , 0.255168, 0.252067,
       0.151815, 0.006202]), array([0.412995, 0.404332, 0.3917  , 0.265291, 0.237792, 0.163023,
       0.150878, 0.00694 ]), array([0.412995, 0.404332, 0.3917  , 0.265291, 0.237792, 0.163023,
       0.150878, 0.00694 ]), array([0.403216, 0.39766 , 0.387943, 0.256893, 0.253133, 0.251253,
       0.15647 , 0.00376 ]), array([0.403216, 0.39766 , 0.387943, 0.256893, 0.253133, 0.251253,
       0.15647 , 0.00376 ]), array([0.418788, 0.40854 , 0.403416, 0.253891, 0.1972  , 0.162776,
       0.1028  , 0.0028  ]), array([0.4323  , 0.398833, 0.396498, 0.252334, 0.1972  , 0.164332,
       0.1028  , 0.0028  ]), array([0.398754, 0.3937  , 0.31564 , 0.252258, 0.194555, 0.165538,
       0.163279, 0.005445]), array([0.398645, 0.394435, 0.389759, 0.260508, 0.243224, 0.164802,
       0.156231, 0.006776]), array([0.449713, 0.398646, 0.396459, 0.390724, 0.25573 , 0.212135,
       0.065336, 0.016721]), array([0.449713, 0.398646, 0.396459, 0.390724, 0.25573 , 0.212135,
       0.065336, 0.016721]), array([0.424264, 0.408088, 0.389485, 0.361911, 0.23099 , 0.18893 ,
       0.058492, 0.020755]), array([0.435285, 0.411762, 0.396439, 0.389795, 0.255643, 0.194366,
       0.066852, 0.016629]), array([0.425777, 0.408592, 0.373043, 0.303646, 0.196354, 0.164709,
       0.023931, 0.007977]), array([0.425777, 0.408592, 0.373043, 0.303646, 0.196354, 0.164709,
       0.023931, 0.007977]), array([0.425777, 0.408592, 0.373043, 0.303646, 0.196354, 0.164709,
       0.023931, 0.007977]), array([0.425777, 0.408592, 0.373043, 0.303646, 0.196354, 0.164709,
       0.023931, 0.007977]), array([0.388347, 0.363563, 0.328282, 0.31997 , 0.207151, 0.202384,
       0.012769, 0.004256]), array([0.179899, 0.385367, 0.369364, 0.344467, 0.339709, 0.111707,
       0.060154, 0.025217]), array([0.448347, 0.39836 , 0.395632, 0.389835, 0.255304, 0.194373,
       0.066123, 0.016239]), array([0.427257, 0.41239 , 0.404956, 0.390761, 0.256279, 0.194352,
       0.068223, 0.017362]), array([0.427257, 0.41239 , 0.404956, 0.390761, 0.256279, 0.194352,
       0.068223, 0.017362]), array([0.427696, 0.412589, 0.405036, 0.390676, 0.256109, 0.212204,
       0.065496, 0.017055]), array([0.420271, 0.410541, 0.405676, 0.402433, 0.255356, 0.193102,
       0.069193, 0.019126]), array([0.412403, 0.405638, 0.402255, 0.303339, 0.196737, 0.163328,
       0.033537, 0.011179]), array([0.436152, 0.412051, 0.397129, 0.390366, 0.25586 , 0.212159,
       0.065391, 0.016836]), array([0.419012, 0.409886, 0.405323, 0.402281, 0.255798, 0.212345,
       0.063636, 0.017316]), array([0.398176, 0.39544 , 0.389969, 0.344984, 0.182684, 0.161195,
       0.070459, 0.023486]), array([0.38064 , 0.344077, 0.441614, 0.369403, 0.188606, 0.155273,
       0.066949, 0.022316]), array([0.434956, 0.398434, 0.373434, 0.303744, 0.196256, 0.165101,
       0.023491, 0.00783 ]), array([0.434956, 0.398434, 0.373434, 0.303744, 0.196256, 0.165101,
       0.023491, 0.00783 ]), array([0.434956, 0.398434, 0.373434, 0.303744, 0.196256, 0.165101,
       0.023491, 0.00783 ]), array([0.434956, 0.398434, 0.373434, 0.303744, 0.196256, 0.165101,
       0.023491, 0.00783 ]), array([0.398983, 0.397457, 0.394404, 0.310038, 0.208785, 0.163615,
       0.052937, 0.017646]), array([0.398983, 0.397457, 0.394404, 0.310038, 0.208785, 0.163615,
       0.052937, 0.017646]), array([0.398983, 0.397457, 0.394404, 0.310038, 0.208785, 0.163615,
       0.052937, 0.017646]), array([0.431727, 0.410576, 0.397887, 0.38615 , 0.252837, 0.216126,
       0.105486, 0.002837]), array([0.431727, 0.410576, 0.397887, 0.38615 , 0.252837, 0.216126,
       0.105486, 0.002837]), array([0.436132, 0.416423, 0.406569, 0.390616, 0.253248, 0.193407,
       0.105213, 0.002561]), array([0.436132, 0.416423, 0.406569, 0.390616, 0.253248, 0.193407,
       0.105213, 0.002561]), array([0.445083, 0.415028, 0.398675, 0.39072 , 0.253325, 0.193692,
       0.105239, 0.002354]), array([0.445083, 0.415028, 0.398675, 0.39072 , 0.253325, 0.193692,
       0.105239, 0.002354]), array([0.443228, 0.398958, 0.397338, 0.386786, 0.252825, 0.216122,
       0.105504, 0.002825]), array([0.443228, 0.398958, 0.397338, 0.386786, 0.252825, 0.216122,
       0.105504, 0.002825]), array([0.42479 , 0.411268, 0.404507, 0.385827, 0.252861, 0.216132,
       0.10545 , 0.002861]), array([0.42479 , 0.411268, 0.404507, 0.385827, 0.252861, 0.216132,
       0.10545 , 0.002861]), array([0.428595, 0.414869, 0.408006, 0.403431, 0.253923, 0.190211,
       0.103923, 0.003792]), array([0.414959, 0.407779, 0.404189, 0.401795, 0.253897, 0.21639 ,
       0.103897, 0.003897]), array([0.398985, 0.397461, 0.394415, 0.303046, 0.253046, 0.183093,
       0.163861, 0.003046]), array([0.399454, 0.398636, 0.396999, 0.34479 , 0.252217, 0.235511,
       0.148546, 0.003328]), array([0.460688, 0.399321, 0.398271, 0.391089, 0.25337 , 0.193859,
       0.105255, 0.002233]), array([0.460688, 0.399321, 0.398271, 0.391089, 0.25337 , 0.193859,
       0.105255, 0.002233]), array([0.400672, 0.374328, 0.333109, 0.332773, 0.332101, 0.200672,
       0.001277, 0.000426]), array([0.399319, 0.374193, 0.333064, 0.332661, 0.331854, 0.200807,
       0.001022, 0.000341]), array([0.399432, 0.373991, 0.332997, 0.332493, 0.331484, 0.199432,
       0.000851, 0.000284]), array([0.400807, 0.374193, 0.333064, 0.332661, 0.331854, 0.199319,
       0.001022, 0.000341])]
L(solution):130 solution is at:49
[1;32mwrt:[0m 14:13:44 [1;32m Total: [0m2:29:22.149633
---> predicted struc:[0.412402 0.203942 0.404134 0.066798 0.255913 0.017449 0.3875   0.251971]. Given struc: [0.4282  0.18968 0.40193 0.05286 0.23896 0.03652 0.38403 0.22173]

 intermediate total: [0m2:29:22.163551

[1;31m=====> for h = [0m 6 [1;31m==============================
[0m
[1;34m===> Pair- 1: [0m [1;34mCurrent pair: [0m [0.4282  0.18968 0.40193 0.05286 0.23896 0.03652 0.38403 0.22173] [1;34mSolving for: [0m [0.4282  0.40193 0.38403 0.23896 0.22173 0.18968 0.05286 0.03652]
[1;32mstart:[0m 14:13:44 [1;32m--> Polytope contains complete isosurface. Successful Linearization for [1;31mRO = 6[0m

---> nar : [[6, array([0.353553, 0.353553, 0.353553, 0.353553, 0.353553, 0.353553,
       0.353553, 0.353553]), [0.058925, 0.091977], -1.0]]
[1;32miso:[0m 14:14:11 
---> l 6 Normal [0.353553 0.353553 0.353553 0.353553 0.353553 0.353553 0.353553 0.353553] dist [0.058925, 0.091977]
[1;32mpoly:[0m 18:13:52 [1;32mintersection:[0m 18:14:52 [1;32msort sol:[0m 18:14:52
poly contains coordinates ?: [False False False False False False False False False False False False
 False False False False False False False False False False False False
 False False False False False False False False False False False False
 False False False False False False False False False False False False
 False False False False False False False False False False False False
 False False False False False False False False False False False False
 False False False False False False False False False False False False
 False False False False False]
in except: std [0.13841  0.146005 0.183641 0.139809 0.155819 0.155819 0.15831  0.121612
 0.065165 0.065165 0.076969 0.076969 0.121083 0.070265 0.05811  0.059633
 0.388418 0.103813 0.073445 0.069719 0.063128 0.14781  0.13047  0.082223
 0.114328 0.112027 0.101102 0.092696 0.107457 0.100996 0.10577  0.100619
 0.091055 0.11027  0.135908 0.082757 0.091751 0.090873 0.090873 0.091593
 0.19845  0.187418 0.192175 0.193784 0.172573 0.194277 0.191346 0.175141
 0.175141 0.145846 0.14825  0.183758 0.179547 0.210818 0.1877   0.183302
 0.182231 0.182231 0.157704 0.151206 0.169619 0.157663 0.166698 0.153838
 0.206221 0.168751 0.168751 0.169917 0.183726 0.156773 0.184584 0.154314
 0.154314 0.142444 0.144961 0.144961 0.163439 0.152024 0.152024 0.196075
 0.160747 0.160747 0.170723 0.182517 0.157301 0.154052 0.17152  0.143331
 0.143331] best_inx: 14  ms: [array([0.40376 , 0.401253, 0.255142, 0.251714, 0.200484, 0.16482 ,
       0.067025, 0.013838]), array([0.402547, 0.400849, 0.253173, 0.251058, 0.1997  , 0.165444,
       0.085449, 0.001114]), array([0.398247, 0.398247, 0.252629, 0.250876, 0.202629, 0.200876,
       0.164914, 0.085086]), array([0.39592 , 0.372664, 0.256756, 0.252252, 0.203115, 0.201038,
       0.069786, 0.013922]), array([0.406236, 0.374058, 0.251413, 0.250471, 0.205643, 0.201881,
       0.114662, 0.003762]), array([0.406236, 0.374058, 0.251413, 0.250471, 0.205643, 0.201881,
       0.114662, 0.003762]), array([0.417438, 0.374229, 0.251157, 0.250386, 0.204179, 0.201393,
       0.122214, 0.002786]), array([0.419727, 0.400694, 0.396979, 0.253061, 0.203857, 0.072364,
       0.054702, 0.020281]), array([0.399972, 0.399929, 0.399844, 0.250085, 0.199915, 0.143896,
       0.0535  , 0.014174]), array([0.399972, 0.399929, 0.399844, 0.250085, 0.199915, 0.143896,
       0.0535  , 0.014174]), array([0.418489, 0.417274, 0.401245, 0.254769, 0.19876 , 0.162311,
       0.103562, 0.001867]), array([0.418489, 0.417274, 0.401245, 0.254769, 0.19876 , 0.162311,
       0.103562, 0.001867]), array([0.407407, 0.401106, 0.397103, 0.25428 , 0.202984, 0.074965,
       0.061809, 0.021309]), array([0.419208, 0.417822, 0.417129, 0.252486, 0.2011  , 0.164181,
       0.084719, 0.001386]), array([0.423134, 0.410003, 0.404195, 0.257548, 0.212512, 0.146947,
       0.044041, 0.013177]), array([0.423292, 0.418875, 0.406327, 0.256039, 0.21568 , 0.149578,
       0.040936, 0.010655]), array([0.39395 , 0.36128 , 0.206021, 0.339584, 0.228607, 0.140523,
       0.113922, 0.352808]), array([0.399613, 0.399032, 0.397871, 0.251161, 0.248839, 0.16003 ,
       0.139417, 0.014047]), array([0.421107, 0.410855, 0.399231, 0.252509, 0.198248, 0.160425,
       0.101865, 0.004259]), array([0.423009, 0.399958, 0.399873, 0.250085, 0.199915, 0.160135,
       0.100085, 0.00692 ]), array([0.423575, 0.419807, 0.417923, 0.253432, 0.205382, 0.152883,
       0.046002, 0.011666]), array([0.334888, 0.399141, 0.397423, 0.331779, 0.251718, 0.198282,
       0.08591 , 0.084192]), array([0.34673 , 0.399063, 0.397189, 0.320921, 0.226905, 0.198126,
       0.086144, 0.08427 ]), array([0.419426, 0.405626, 0.397698, 0.316743, 0.22636 , 0.197241,
       0.065364, 0.022448]), array([0.366887, 0.408737, 0.398139, 0.322485, 0.252372, 0.197628,
       0.085705, 0.033553]), array([0.37127 , 0.399057, 0.397171, 0.323212, 0.251886, 0.198114,
       0.085219, 0.037936]), array([0.378006, 0.439479, 0.397018, 0.316026, 0.226396, 0.196527,
       0.061626, 0.030279]), array([0.385562, 0.398732, 0.396196, 0.316182, 0.231745, 0.197464,
       0.073673, 0.044196]), array([0.368938, 0.424963, 0.397673, 0.317362, 0.224391, 0.197203,
       0.08613 , 0.035604]), array([0.378262, 0.398928, 0.396783, 0.31804 , 0.230652, 0.197856,
       0.085478, 0.044929]), array([0.373748, 0.427968, 0.397691, 0.317755, 0.252789, 0.197211,
       0.058906, 0.026985]), array([0.379768, 0.398929, 0.396787, 0.318276, 0.252142, 0.197858,
       0.070861, 0.036723]), array([0.419485, 0.417606, 0.398121, 0.314449, 0.208571, 0.198121,
       0.085212, 0.008571]), array([0.418749, 0.400328, 0.398419, 0.331676, 0.252082, 0.197918,
       0.085416, 0.001657]), array([0.402416, 0.398982, 0.390458, 0.262183, 0.255538, 0.252215,
       0.158109, 0.003568]), array([0.419892, 0.417742, 0.39785 , 0.315541, 0.222214, 0.19785 ,
       0.061138, 0.018117]), array([0.418976, 0.404976, 0.398094, 0.318883, 0.221623, 0.197691,
       0.085642, 0.012033]), array([0.419444, 0.417593, 0.398148, 0.316667, 0.251852, 0.198148,
       0.039609, 0.013203]), array([0.419444, 0.417593, 0.398148, 0.316667, 0.251852, 0.198148,
       0.039609, 0.013203]), array([0.418991, 0.404427, 0.398101, 0.31984 , 0.252325, 0.197675,
       0.055624, 0.013047]), array([0.398317, 0.394951, 0.414984, 0.411617, 0.163606, 0.163606,
       0.088383, 0.085016]), array([0.395556, 0.386667, 0.412222, 0.403333, 0.163606, 0.163606,
       0.079494, 0.071815]), array([0.396828, 0.390485, 0.413495, 0.407152, 0.163606, 0.163606,
       0.089677, 0.071815]), array([0.336246, 0.398087, 0.395218, 0.38948 , 0.255738, 0.163754,
       0.094444, 0.088889]), array([0.418638, 0.400657, 0.399178, 0.397207, 0.201972, 0.164695,
       0.086291, 0.084319]), array([0.397757, 0.393271, 0.414424, 0.409937, 0.182145, 0.154647,
       0.090063, 0.085576]), array([0.397918, 0.39387 , 0.412218, 0.40771 , 0.184114, 0.155747,
       0.090096, 0.085587]), array([0.371629, 0.397569, 0.393923, 0.386632, 0.259043, 0.128371,
       0.068067, 0.023564]), array([0.371629, 0.397569, 0.393923, 0.386632, 0.259043, 0.128371,
       0.068067, 0.023564]), array([0.42034 , 0.417891, 0.393283, 0.379849, 0.228906, 0.164218,
       0.06897 , 0.028786]), array([0.422756, 0.404582, 0.394571, 0.382401, 0.228644, 0.160336,
       0.070987, 0.032305]), array([0.395422, 0.375841, 0.412329, 0.403653, 0.187586, 0.152026,
       0.077665, 0.066328]), array([0.396173, 0.38117 , 0.408904, 0.400677, 0.186577, 0.153329,
       0.077438, 0.065648]), array([0.338749, 0.397566, 0.393915, 0.386613, 0.256101, 0.077232,
       0.067737, 0.014664]), array([0.396481, 0.381054, 0.413304, 0.406578, 0.186416, 0.15245 ,
       0.090059, 0.065151]), array([0.397052, 0.385166, 0.409746, 0.403401, 0.186073, 0.153777,
       0.089678, 0.063541]), array([0.36818 , 0.398172, 0.395429, 0.389943, 0.26076 , 0.13182 ,
       0.091667, 0.019535]), array([0.36818 , 0.398172, 0.395429, 0.389943, 0.26076 , 0.13182 ,
       0.091667, 0.019535]), array([0.423277, 0.404525, 0.396186, 0.387595, 0.228258, 0.160732,
       0.091337, 0.021082]), array([0.419727, 0.417687, 0.393971, 0.381913, 0.25204 , 0.164626,
       0.062245, 0.01717 ]), array([0.419827, 0.41772 , 0.398063, 0.394189, 0.252107, 0.16456 ,
       0.092084, 0.003874]), array([0.420364, 0.417899, 0.395544, 0.386632, 0.227304, 0.164202,
       0.091863, 0.016517]), array([0.423095, 0.403313, 0.397249, 0.390857, 0.256429, 0.162793,
       0.091664, 0.003652]), array([0.421882, 0.404205, 0.395058, 0.383929, 0.255215, 0.161919,
       0.066781, 0.016573]), array([0.340539, 0.397388, 0.393471, 0.385636, 0.228728, 0.076486,
       0.070935, 0.031009]), array([0.372008, 0.397865, 0.394615, 0.383138, 0.223303, 0.190001,
       0.093779, 0.088736]), array([0.372008, 0.397865, 0.394615, 0.383138, 0.223303, 0.190001,
       0.093779, 0.088736]), array([0.423046, 0.402025, 0.398165, 0.393871, 0.20508 , 0.193211,
       0.09385 , 0.08827 ]), array([0.347843, 0.398101, 0.395206, 0.383848, 0.264316, 0.190705,
       0.09369 , 0.08833 ]), array([0.437788, 0.410689, 0.405444, 0.38759 , 0.256686, 0.206572,
       0.062739, 0.020557]), array([0.419658, 0.418027, 0.417211, 0.40624 , 0.252481, 0.187122,
       0.104528, 0.004368]), array([0.434471, 0.398395, 0.395954, 0.387594, 0.223039, 0.189563,
       0.091449, 0.030527]), array([0.434471, 0.398395, 0.395954, 0.387594, 0.223039, 0.189563,
       0.091449, 0.030527]), array([0.428907, 0.420747, 0.394874, 0.378557, 0.226668, 0.189152,
       0.070258, 0.03464 ]), array([0.431484, 0.397873, 0.394618, 0.382445, 0.226269, 0.189077,
       0.069126, 0.037383]), array([0.431484, 0.397873, 0.394618, 0.382445, 0.226269, 0.189077,
       0.069126, 0.037383]), array([0.414612, 0.411401, 0.405848, 0.39367 , 0.258742, 0.202319,
       0.064041, 0.01723 ]), array([0.388741, 0.397512, 0.393712, 0.379908, 0.225522, 0.187202,
       0.090881, 0.046932]), array([0.388741, 0.397512, 0.393712, 0.379908, 0.225522, 0.187202,
       0.090881, 0.046932]), array([0.417655, 0.417181, 0.416943, 0.416785, 0.250474, 0.182114,
       0.110492, 0.002003]), array([0.399684, 0.399211, 0.398263, 0.349375, 0.251921, 0.248392,
       0.138066, 0.004798]), array([0.399684, 0.399211, 0.398263, 0.349375, 0.251921, 0.248392,
       0.138066, 0.004798]), array([0.427211, 0.420182, 0.404333, 0.401444, 0.257729, 0.208844,
       0.061989, 0.02063 ]), array([0.423957, 0.419097, 0.41063 , 0.405067, 0.252641, 0.188591,
       0.104938, 0.004395]), array([0.424153, 0.42007 , 0.418028, 0.384617, 0.257675, 0.20827 ,
       0.061193, 0.018656]), array([0.429412, 0.420915, 0.396196, 0.38565 , 0.225407, 0.189188,
       0.091638, 0.022861]), array([0.456381, 0.399482, 0.398701, 0.393313, 0.253988, 0.194494,
       0.10177 , 0.003011]), array([0.395185, 0.397233, 0.392973, 0.376267, 0.228594, 0.186572,
       0.071994, 0.045217]), array([0.395185, 0.397233, 0.392973, 0.376267, 0.228594, 0.186572,
       0.071994, 0.045217])]
L(solution):89 solution is at:14
[1;32mwrt:[0m 18:18:19 [1;32m Total: [0m4:04:35.343873
---> predicted struc:[0.423134 0.146947 0.410003 0.044041 0.257548 0.013177 0.404195 0.212512]. Given struc: [0.4282  0.18968 0.40193 0.05286 0.23896 0.03652 0.38403 0.22173]

 intermediate total: [0m4:04:35.356415

[1;31m=====> for h = [0m 7 [1;31m==============================
[0m
[1;34m===> Pair- 1: [0m [1;34mCurrent pair: [0m [0.4282  0.18968 0.40193 0.05286 0.23896 0.03652 0.38403 0.22173] [1;34mSolving for: [0m [0.4282  0.40193 0.38403 0.23896 0.22173 0.18968 0.05286 0.03652]
[1;32mstart:[0m 18:18:19 [1;32m--> Polytope contains complete isosurface. Successful Linearization for [1;31mRO = 7[0m

---> nar : [[7, array([0.353553, 0.353553, 0.353553, 0.353553, 0.353553, 0.353553,
       0.353553, 0.353553]), [0.07153, 0.094825], -1.0]]
[1;32miso:[0m 18:20:09 
---> l 7 Normal [0.353553 0.353553 0.353553 0.353553 0.353553 0.353553 0.353553 0.353553] dist [0.07153, 0.094825]
