Unloading module gnuplot/5.2.4 
Unloading module python/3.12.2 
Loading module python/3.12.2 
slurmstepd: error: *** JOB 8756864 ON fluid033 CANCELLED AT 2024-09-22T09:05:53 DUE TO TIME LIMIT ***

------------------------------
- - - - - job epilog - - - - -
------------------------------
Job ID: 8756864
was running on nodes: fluid033
by user: vallin59
in partition: intel
using account: default
number of CPUs used: 64
number of nodes requested: 1
------------------------------
walltime reqd: 1-00:00:00
walltime used: 1-00:00:21
------------------------------
Sun Sep 22 09:05:54 CEST 2024
------------------------------

