Sun Sep 22 09:59:35 CEST 2024
---> I find noofpair variable to be true. I will create 1 pairs
---> Generated pairs are: 
 [[0.23696 0.2628  0.43816 0.23785]]
You are using Linux. - I created /bigdata/MD/vallin59/hemera_home/muthu/pypsc/4DPS/pypscresults/MCresult-2024-09-22-095945 folder to save pypsc results.
[0;34m===> Output files will be saved to [1;33m /bigdata/MD/vallin59/hemera_home/muthu/pypsc/4DPS/pypscresults/MCresult-2024-09-22-095945 [0;34m location


[1;31m=====> for h = [0m 2 [1;31m==============================
[0m
[1;34m===> Pair- 1: [0m [1;34mCurrent pair: [0m [0.23696 0.2628  0.43816 0.23785] [1;34mSolving for: [0m [0.26304 0.26215 0.2372  0.06184]
[1;32mstart:[0m 09:59:45 [1;32m--> Polytope contains complete isosurface. Successful Linearization for [1;31mRO = 1[0m
isotype 1
[1;32m--> Polytope contains complete isosurface. Successful Linearization for [1;31mRO = 2[0m

---> nar : [[1, array([0.5, 0.5, 0.5, 0.5]), [0.347723, 0.466597], 1.0], [2, array([0.5, 0.5, 0.5, 0.5]), [0.096296, 0.154963], -1.0]]
[1;32miso:[0m 09:59:45 [1;32mpoly:[0m 09:59:45 [1;32mintersection:[0m 09:59:45 [1;32msort sol:[0m 09:59:45
poly contains coordinates ?: [ True False False False]
In try:  inx [0] len(inx) 1 best_inx 0
L(solution):4 solution is at:0
[1;32mwrt:[0m 09:59:45 [1;32m Total: [0m0:00:00.404380
---> predicted struc:[0.215721 0.30489  0.418558 0.238574]. Given struc: [0.23696 0.2628  0.43816 0.23785]

 intermediate total: [0m0:00:00.417135

[1;31m=====> for h = [0m 3 [1;31m==============================
[0m
[1;34m===> Pair- 1: [0m [1;34mCurrent pair: [0m [0.23696 0.2628  0.43816 0.23785] [1;34mSolving for: [0m [0.26304 0.26215 0.2372  0.06184]
[1;32mstart:[0m 09:59:45 [1;32m--> Polytope contains complete isosurface. Successful Linearization for [1;31mRO = 3[0m

---> nar : [[3, array([0.5, 0.5, 0.5, 0.5]), [0.123527, 0.162765], 1.0]]
[1;32miso:[0m 09:59:45 
---> l 3 Normal [0.5 0.5 0.5 0.5] dist [0.123527, 0.162765]
[1;32mpoly:[0m 09:59:46 [1;32mintersection:[0m 09:59:46 [1;32msort sol:[0m 09:59:46
poly contains coordinates ?: [ True False False False False]
In try:  inx [0] len(inx) 1 best_inx 0
L(solution):5 solution is at:0
[1;32mwrt:[0m 09:59:46 [1;32m Total: [0m0:00:00.793782
---> predicted struc:[0.211319 0.277566 0.438338 0.237962]. Given struc: [0.23696 0.2628  0.43816 0.23785]

 intermediate total: [0m0:00:00.801278

[1;31m=====> for h = [0m 4 [1;31m==============================
[0m
[1;34m===> Pair- 1: [0m [1;34mCurrent pair: [0m [0.23696 0.2628  0.43816 0.23785] [1;34mSolving for: [0m [0.26304 0.26215 0.2372  0.06184]
[1;32mstart:[0m 09:59:46 isotype 1
[1;32m--> Polytope contains complete isosurface. Successful Linearization for [1;31mRO = 4[0m

---> nar : [[4, array([0.5, 0.5, 0.5, 0.5]), [0.033927, 0.061442], 1.0]]
[1;32miso:[0m 09:59:46 
---> l 4 Normal [0.5 0.5 0.5 0.5] dist [0.033927, 0.061442]
[1;32mpoly:[0m 09:59:49 [1;32mintersection:[0m 09:59:49 [1;32msort sol:[0m 09:59:49
poly contains coordinates ?: [False  True False]
In try:  inx [1] len(inx) 1 best_inx 1
L(solution):3 solution is at:1
[1;32mwrt:[0m 09:59:49 [1;32m Total: [0m0:00:02.858480
---> predicted struc:[0.232043 0.277747 0.45918  0.244014]. Given struc: [0.23696 0.2628  0.43816 0.23785]

 intermediate total: [0m0:00:02.865744

[1;31m=====> for h = [0m 5 [1;31m==============================
[0m
[1;34m===> Pair- 1: [0m [1;34mCurrent pair: [0m [0.23696 0.2628  0.43816 0.23785] [1;34mSolving for: [0m [0.26304 0.26215 0.2372  0.06184]
[1;32mstart:[0m 09:59:49 [1;32m--> Polytope contains complete isosurface. Successful Linearization for [1;31mRO = 5[0m

---> nar : [[5, array([0.5, 0.5, 0.5, 0.5]), [0.071635, 0.095403], -1.0]]
[1;32miso:[0m 09:59:49 
---> l 5 Normal [0.5 0.5 0.5 0.5] dist [0.071635, 0.095403]
[1;32mpoly:[0m 09:59:52 [1;32mintersection:[0m 09:59:52 [1;32msort sol:[0m 09:59:52
poly contains coordinates ?: [False  True False]
In try:  inx [1] len(inx) 1 best_inx 1
L(solution):3 solution is at:1
[1;32mwrt:[0m 09:59:52 [1;32m Total: [0m0:00:03.529666
---> predicted struc:[0.218815 0.262189 0.44502  0.243514]. Given struc: [0.23696 0.2628  0.43816 0.23785]

 intermediate total: [0m0:00:03.537579

[1;31m=====> for h = [0m 6 [1;31m==============================
[0m
[1;34m===> Pair- 1: [0m [1;34mCurrent pair: [0m [0.23696 0.2628  0.43816 0.23785] [1;34mSolving for: [0m [0.26304 0.26215 0.2372  0.06184]
[1;32mstart:[0m 09:59:52 isotype 1
[1;32m--> Polytope contains complete isosurface. Successful Linearization for [1;31mRO = 6[0m

---> nar : [[6, array([0.5, 0.5, 0.5, 0.5]), [0.016038, 0.030583], -1.0]]
[1;32miso:[0m 09:59:52 
---> l 6 Normal [0.5 0.5 0.5 0.5] dist [0.016038, 0.030583]
[1;32mpoly:[0m 09:59:56 [1;32mintersection:[0m 09:59:56 [1;32msort sol:[0m 09:59:56
poly contains coordinates ?: [False False  True False]
In try:  inx [2] len(inx) 1 best_inx 2
L(solution):4 solution is at:2
[1;32mwrt:[0m 09:59:56 [1;32m Total: [0m0:00:03.951421
---> predicted struc:[0.232265 0.2595   0.428962 0.244088]. Given struc: [0.23696 0.2628  0.43816 0.23785]

 intermediate total: [0m0:00:03.960113

[1;31m=====> for h = [0m 7 [1;31m==============================
[0m
[1;34m===> Pair- 1: [0m [1;34mCurrent pair: [0m [0.23696 0.2628  0.43816 0.23785] [1;34mSolving for: [0m [0.26304 0.26215 0.2372  0.06184]
[1;32mstart:[0m 09:59:56 [1;32m--> Polytope contains complete isosurface. Successful Linearization for [1;31mRO = 7[0m

---> nar : [[7, array([0.5, 0.5, 0.5, 0.5]), [0.056907, 0.072803], -1.0]]
[1;32miso:[0m 09:59:56 
---> l 7 Normal [0.5 0.5 0.5 0.5] dist [0.056907, 0.072803]
[1;32mpoly:[0m 10:00:07 [1;32mintersection:[0m 10:00:08 [1;32msort sol:[0m 10:00:08
poly contains coordinates ?: [False False False False False]
in except: std [0.019546 0.019282 0.019282 0.030614 0.030171] best_inx: 1  ms: [array([0.271698, 0.253968, 0.240455, 0.076991]), array([0.273774, 0.248163, 0.244488, 0.064632]), array([0.273774, 0.248163, 0.244488, 0.064632]), array([0.287903, 0.249151, 0.242335, 0.072962]), array([0.288212, 0.250135, 0.246972, 0.067908])]
L(solution):5 solution is at:1
[1;32mwrt:[0m 10:00:08 [1;32m Total: [0m0:00:11.333843
---> predicted struc:[0.226226 0.255512 0.435368 0.251837]. Given struc: [0.23696 0.2628  0.43816 0.23785]

 intermediate total: [0m0:00:11.341342

[1;31m=====> for h = [0m 8 [1;31m==============================
[0m
[1;34m===> Pair- 1: [0m [1;34mCurrent pair: [0m [0.23696 0.2628  0.43816 0.23785] [1;34mSolving for: [0m [0.26304 0.26215 0.2372  0.06184]
[1;32mstart:[0m 10:00:08 [1;32m--> Polytope contains complete isosurface. Successful Linearization for [1;31mRO = 8[0m

---> nar : [[8, array([0.5, 0.5, 0.5, 0.5]), [0.037179, 0.050244], 1.0]]
[1;32miso:[0m 10:00:08 
---> l 8 Normal [0.5 0.5 0.5 0.5] dist [0.037179, 0.050244]
[1;32mpoly:[0m 10:00:31 [1;32mintersection:[0m 10:00:31 [1;32msort sol:[0m 10:00:31
poly contains coordinates ?: [False False False]
in except: std [0.017003 0.029292 0.030575] best_inx: 0  ms: [array([0.269202, 0.247651, 0.242953, 0.059044]), array([0.287318, 0.251094, 0.246154, 0.069977]), array([0.287415, 0.248589, 0.245768, 0.070971])]
L(solution):3 solution is at:0
[1;32mwrt:[0m 10:00:31 [1;32m Total: [0m0:00:23.431457
---> predicted struc:[0.230798 0.257047 0.440956 0.252349]. Given struc: [0.23696 0.2628  0.43816 0.23785]

 intermediate total: [0m0:00:23.438945

[1;31m=====> for h = [0m 9 [1;31m==============================
[0m
[1;34m===> Pair- 1: [0m [1;34mCurrent pair: [0m [0.23696 0.2628  0.43816 0.23785] [1;34mSolving for: [0m [0.26304 0.26215 0.2372  0.06184]
[1;32mstart:[0m 10:00:31 [1;32m--> Polytope contains complete isosurface. Successful Linearization for [1;31mRO = 9[0m

---> nar : [[9, array([0.5, 0.5, 0.5, 0.5]), [0.031501, 0.041951], -1.0]]
[1;32miso:[0m 10:00:31 
---> l 9 Normal [0.5 0.5 0.5 0.5] dist [0.031501, 0.041951]
[1;32mpoly:[0m 10:01:00 [1;32mintersection:[0m 10:01:00 [1;32msort sol:[0m 10:01:00
poly contains coordinates ?: [False False False]
in except: std [0.017573 0.030032 0.019525] best_inx: 0  ms: [array([0.270568, 0.247898, 0.243695, 0.059226]), array([0.28773 , 0.250271, 0.24793 , 0.067849]), array([0.270414, 0.24852 , 0.245559, 0.053402])]
L(solution):3 solution is at:0
[1;32mwrt:[0m 10:01:00 [1;32m Total: [0m0:00:28.752143
---> predicted struc:[0.229432 0.256305 0.440774 0.252102]. Given struc: [0.23696 0.2628  0.43816 0.23785]

 intermediate total: [0m0:00:28.759420
Total: [0m0:01:15.125442
Sun Sep 22 10:01:00 CEST 2024
